#
# A fatal error has been detected by the Java Runtime Environment:
#
#  EXCEPTION_ACCESS_VIOLATION (0xc0000005) at pc=0x00007ffe7d1cb735, pid=4604, tid=8908
#
# JRE version: Java(TM) SE Runtime Environment (12.0.1+12) (build 12.0.1+12)
# Java VM: Java HotSpot(TM) 64-Bit Server VM (12.0.1+12, mixed mode, sharing, tiered, compressed oops, g1 gc, windows-amd64)
# Problematic frame:
# C  0x00007ffe7d1cb735
#
# No core dump will be written. Minidumps are not enabled by default on client versions of Windows
#
# If you would like to submit a bug report, please visit:
#   http://bugreport.java.com/bugreport/crash.jsp
# The crash happened outside the Java Virtual Machine in native code.
# See problematic frame for where to report the bug.
#

---------------  S U M M A R Y ------------

Command Line: com.st.microxplorer.maingui.STM32CubeMX C:\Users\nbperson\Desktop\STM32\NUCLEO_F767ZI\NT35510\NT35510.ioc

Host: Intel(R) Core(TM) i5-8250U CPU @ 1.60GHz, 8 cores, 7G,  Windows 10 , 64 bit Build 17134 (10.0.17134.753)
Time: Sat Jul 20 21:00:30 2019 ?D1¨²¡À¨º¡Á?¨º¡À?? elapsed time: 13 seconds (0d 0h 0m 13s)

---------------  T H R E A D  ---------------

Current thread (0x000002c957c27000):  JavaThread "AWT-Windows" daemon [_thread_in_native, id=8908, stack(0x000000ca2c200000,0x000000ca2c300000)]

Stack: [0x000000ca2c200000,0x000000ca2c300000],  sp=0x000000ca2c2fd1a0,  free space=1012k
Native frames: (J=compiled Java code, j=interpreted, Vv=VM code, C=native code)
C  0x00007ffe7d1cb735

Java frames: (J=compiled Java code, j=interpreted, Vv=VM code)
j  sun.awt.windows.WToolkit.eventLoop()V+0 java.desktop@12.0.1
j  sun.awt.windows.WToolkit.run()V+50 java.desktop@12.0.1
j  java.lang.Thread.run()V+11 java.base@12.0.1
v  ~StubRoutines::call_stub

siginfo: EXCEPTION_ACCESS_VIOLATION (0xc0000005), reading address 0x0000000000000018


Register to memory mapping:

RIP=0x00007ffe7d1cb735 points into unknown readable memory: 48 8b 40
RAX=0x0 is NULL
RBX=0x000002c9583c8f30 points into unknown readable memory: a8 74 20 7d fe 7f 00 00
RCX=0x000002c95a002a70 points into unknown readable memory: 00 00 00 00 00 00 00 00
RDX=0x000000ca2c2fd200 is pointing into the stack for thread: 0x000002c957c27000
RSP=0x000000ca2c2fd1a0 is pointing into the stack for thread: 0x000002c957c27000
RBP=0x000000ca2c2fd1e0 is pointing into the stack for thread: 0x000002c957c27000
RSI=0x000002c95a002a70 points into unknown readable memory: 00 00 00 00 00 00 00 00
RDI=0x000000ca2c2fd680 is pointing into the stack for thread: 0x000002c957c27000
R8 =0x000000ca2c2fd0d8 is pointing into the stack for thread: 0x000002c957c27000
R9 =0x000000ca2c2fd130 is pointing into the stack for thread: 0x000002c957c27000
R10=0x0 is NULL
R11=0x0000000000000246 is an unknown value
R12=0x0 is NULL
R13=0x000002c9583b5458 points into unknown readable memory: 00 00 00 00 00 00 00 00
R14=0x000002c95a002a70 points into unknown readable memory: 00 00 00 00 00 00 00 00
R15=0x0000000000000804 is an unknown value


Registers:
RAX=0x0000000000000000, RBX=0x000002c9583c8f30, RCX=0x000002c95a002a70, RDX=0x000000ca2c2fd200
RSP=0x000000ca2c2fd1a0, RBP=0x000000ca2c2fd1e0, RSI=0x000002c95a002a70, RDI=0x000000ca2c2fd680
R8 =0x000000ca2c2fd0d8, R9 =0x000000ca2c2fd130, R10=0x0000000000000000, R11=0x0000000000000246
R12=0x0000000000000000, R13=0x000002c9583b5458, R14=0x000002c95a002a70, R15=0x0000000000000804
RIP=0x00007ffe7d1cb735, EFLAGS=0x0000000000010246

Top of Stack: (sp=0x000000ca2c2fd1a0)
0x000000ca2c2fd1a0:   0000000700000e65 0000000000000000
0x000000ca2c2fd1b0:   0000000000000804 0000000000000050
0x000000ca2c2fd1c0:   0000000000000804 00007ffe7d1d79a2
0x000000ca2c2fd1d0:   0000000000000000 0000000000000804
0x000000ca2c2fd1e0:   000000ca2c2fd680 000002c9583c8f30
0x000000ca2c2fd1f0:   000000ca2c2fd300 00007ffe7d1cad5a
0x000000ca2c2fd200:   000002c900000000 0000000000000000
0x000000ca2c2fd210:   000000ca2c2fd300 000002c9583c8f30
0x000000ca2c2fd220:   0000000000000000 0000000000000010
0x000000ca2c2fd230:   0000000000000000 000000ca2c2fd258
0x000000ca2c2fd240:   0000000000000000 0000000000000000
0x000000ca2c2fd250:   0000000000000000 0000000000000000
0x000000ca2c2fd260:   000002c9583e7a60 00007ffe7d212250
0x000000ca2c2fd270:   000000ca2c2fd680 000000ca2c2fd698
0x000000ca2c2fd280:   0000000000000e65 0000000000000007
0x000000ca2c2fd290:   0000000000000001 000002c9583c91a4 

Instructions: (pc=0x00007ffe7d1cb735)
0x00007ffe7d1cb715:   09 00 00 44 8b cb e8 f8 6a ff ff 8b c3 e9 3b 01
0x00007ffe7d1cb725:   00 00 48 8b 02 48 8b ce 83 65 20 00 48 8d 55 20
0x00007ffe7d1cb735:   48 8b 40 18 ff 15 79 13 04 00 8b f8 85 c0 79 1d
0x00007ffe7d1cb745:   48 8b 4d 18 4c 8d 05 d0 33 04 00 44 8b c8 ba ab 


Stack slot to memory mapping:
stack at sp + 0 slots: 0x0000000700000e65 is an unknown value
stack at sp + 1 slots: 0x0 is NULL
stack at sp + 2 slots: 0x0000000000000804 is an unknown value
stack at sp + 3 slots: 0x0000000000000050 is an unknown value
stack at sp + 4 slots: 0x0000000000000804 is an unknown value
stack at sp + 5 slots: 0x00007ffe7d1d79a2 points into unknown readable memory: 48 8b 6c 24 40 8b
stack at sp + 6 slots: 0x0 is NULL
stack at sp + 7 slots: 0x0000000000000804 is an unknown value


---------------  P R O C E S S  ---------------

Threads class SMR info:
_java_thread_list=0x000002c95ee62330, length=19, elements={
0x000002c956e7a000, 0x000002c956e7b000, 0x000002c9576f9000, 0x000002c9576fb800,
0x000002c957704800, 0x000002c95770c000, 0x000002c95770d000, 0x000002c957849000,
0x000002c957850800, 0x000002c957c20000, 0x000002c957c23800, 0x000002c957c27000,
0x000002c957cdd800, 0x000002c9381ea000, 0x000002c95b9ad800, 0x000002c95ba9e000,
0x000002c95ba9f000, 0x000002c95b84b000, 0x000002c95b70d800
}

Java Threads: ( => current thread )
  0x000002c956e7a000 JavaThread "Reference Handler" daemon [_thread_blocked, id=5928, stack(0x000000ca2b400000,0x000000ca2b500000)]
  0x000002c956e7b000 JavaThread "Finalizer" daemon [_thread_blocked, id=6568, stack(0x000000ca2b500000,0x000000ca2b600000)]
  0x000002c9576f9000 JavaThread "Signal Dispatcher" daemon [_thread_blocked, id=6304, stack(0x000000ca2b600000,0x000000ca2b700000)]
  0x000002c9576fb800 JavaThread "Attach Listener" daemon [_thread_blocked, id=6172, stack(0x000000ca2b700000,0x000000ca2b800000)]
  0x000002c957704800 JavaThread "C2 CompilerThread0" daemon [_thread_blocked, id=12064, stack(0x000000ca2b800000,0x000000ca2b900000)]
  0x000002c95770c000 JavaThread "C1 CompilerThread0" daemon [_thread_blocked, id=13808, stack(0x000000ca2b900000,0x000000ca2ba00000)]
  0x000002c95770d000 JavaThread "Sweeper thread" daemon [_thread_blocked, id=5384, stack(0x000000ca2ba00000,0x000000ca2bb00000)]
  0x000002c957849000 JavaThread "Service Thread" daemon [_thread_blocked, id=13948, stack(0x000000ca2bb00000,0x000000ca2bc00000)]
  0x000002c957850800 JavaThread "Common-Cleaner" daemon [_thread_blocked, id=10736, stack(0x000000ca2bd00000,0x000000ca2be00000)]
  0x000002c957c20000 JavaThread "Java2D Disposer" daemon [_thread_blocked, id=18092, stack(0x000000ca2c000000,0x000000ca2c100000)]
  0x000002c957c23800 JavaThread "AWT-Shutdown" [_thread_blocked, id=16004, stack(0x000000ca2c100000,0x000000ca2c200000)]
=>0x000002c957c27000 JavaThread "AWT-Windows" daemon [_thread_in_native, id=8908, stack(0x000000ca2c200000,0x000000ca2c300000)]
  0x000002c957cdd800 JavaThread "AWT-EventQueue-0" [_thread_blocked, id=15660, stack(0x000000ca2be00000,0x000000ca2bf00000)]
  0x000002c9381ea000 JavaThread "DestroyJavaVM" [_thread_blocked, id=13552, stack(0x000000ca2ad00000,0x000000ca2ae00000)]
  0x000002c95b9ad800 JavaThread "Swing-Shell" daemon [_thread_blocked, id=15768, stack(0x000000ca2d200000,0x000000ca2d300000)]
  0x000002c95ba9e000 JavaThread "TimerQueue" daemon [_thread_blocked, id=12968, stack(0x000000ca2d000000,0x000000ca2d100000)]
  0x000002c95ba9f000 JavaThread "Keep-Alive-Timer" daemon [_thread_blocked, id=10780, stack(0x000000ca2d100000,0x000000ca2d200000)]
  0x000002c95b84b000 JavaThread "C2 CompilerThread1" daemon [_thread_blocked, id=13896, stack(0x000000ca2cd00000,0x000000ca2ce00000)]
  0x000002c95b70d800 JavaThread "C2 CompilerThread2" daemon [_thread_blocked, id=4316, stack(0x000000ca2d700000,0x000000ca2d800000)]

Other Threads:
  0x000002c956e77000 VMThread "VM Thread" [stack: 0x000000ca2b300000,0x000000ca2b400000] [id=1264]
  0x000002c95784b800 WatcherThread [stack: 0x000000ca2bc00000,0x000000ca2bd00000] [id=16540]
  0x000002c938226800 GCTaskThread "GC Thread#0" [stack: 0x000000ca2ae00000,0x000000ca2af00000] [id=17796]
  0x000002c959c8c800 GCTaskThread "GC Thread#1" [stack: 0x000000ca2c300000,0x000000ca2c400000] [id=6204]
  0x000002c9598a4800 GCTaskThread "GC Thread#2" [stack: 0x000000ca2c400000,0x000000ca2c500000] [id=2192]
  0x000002c9598a5000 GCTaskThread "GC Thread#3" [stack: 0x000000ca2c500000,0x000000ca2c600000] [id=15748]
  0x000002c957e20800 GCTaskThread "GC Thread#4" [stack: 0x000000ca2c600000,0x000000ca2c700000] [id=9192]
  0x000002c9595c2800 GCTaskThread "GC Thread#5" [stack: 0x000000ca2c700000,0x000000ca2c800000] [id=11916]
  0x000002c9595c0800 GCTaskThread "GC Thread#6" [stack: 0x000000ca2c800000,0x000000ca2c900000] [id=12188]
  0x000002c9595c1000 GCTaskThread "GC Thread#7" [stack: 0x000000ca2c900000,0x000000ca2ca00000] [id=9744]
  0x000002c938275800 ConcurrentGCThread "G1 Main Marker" [stack: 0x000000ca2af00000,0x000000ca2b000000] [id=14492]
  0x000002c938279800 ConcurrentGCThread "G1 Conc#0" [stack: 0x000000ca2b000000,0x000000ca2b100000] [id=4696]
  0x000002c9595be800 ConcurrentGCThread "G1 Conc#1" [stack: 0x000000ca2cf00000,0x000000ca2d000000] [id=13068]
  0x000002c956cf4800 ConcurrentGCThread "G1 Refine#0" [stack: 0x000000ca2b100000,0x000000ca2b200000] [id=15516]
  0x000002c957901800 ConcurrentGCThread "G1 Refine#1" [stack: 0x000000ca2ca00000,0x000000ca2cb00000] [id=8932]
  0x000002c957c35800 ConcurrentGCThread "G1 Refine#2" [stack: 0x000000ca2cb00000,0x000000ca2cc00000] [id=12444]
  0x000002c956cf5800 ConcurrentGCThread "G1 Young RemSet Sampling" [stack: 0x000000ca2b200000,0x000000ca2b300000] [id=3540]

Threads with active compile tasks:

VM state:not at safepoint (normal execution)

VM Mutex/Monitor currently owned by a thread: None

Heap address: 0x0000000082000000, size: 2016 MB, Compressed Oops mode: 32-bit
Narrow klass base: 0x0000000800000000, Narrow klass shift: 3
Compressed class space size: 1073741824 Address: 0x00000008011a0000

Heap:
 garbage-first heap   total 460800K, used 288717K [0x0000000082000000, 0x0000000100000000)
  region size 1024K, 163 young (166912K), 33 survivors (33792K)
 Metaspace       used 46861K, capacity 49557K, committed 49840K, reserved 1091584K
  class space    used 5541K, capacity 6787K, committed 6912K, reserved 1048576K
Heap Regions: E=young(eden), S=young(survivor), O=old, HS=humongous(starts), HC=humongous(continues), CS=collection set, F=free, A=archive, TAMS=top-at-mark-start (previous, next)
|   0|0x0000000082000000, 0x0000000082100000, 0x0000000082100000|100%|HS|  |TAMS 0x0000000082100000, 0x0000000082000000| Complete 
|   1|0x0000000082100000, 0x0000000082200000, 0x0000000082200000|100%|HC|  |TAMS 0x0000000082200000, 0x0000000082100000| Complete 
|   2|0x0000000082200000, 0x0000000082300000, 0x0000000082300000|100%|HC|  |TAMS 0x0000000082300000, 0x0000000082200000| Complete 
|   3|0x0000000082300000, 0x0000000082400000, 0x0000000082400000|100%|HS|  |TAMS 0x0000000082400000, 0x0000000082300000| Complete 
|   4|0x0000000082400000, 0x0000000082500000, 0x0000000082500000|100%|HS|  |TAMS 0x0000000082500000, 0x0000000082400000| Complete 
|   5|0x0000000082500000, 0x0000000082600000, 0x0000000082600000|100%|HC|  |TAMS 0x0000000082600000, 0x0000000082500000| Complete 
|   6|0x0000000082600000, 0x0000000082700000, 0x0000000082700000|100%| O|  |TAMS 0x0000000082700000, 0x0000000082600000| Untracked 
|   7|0x0000000082700000, 0x0000000082800000, 0x0000000082800000|100%| O|  |TAMS 0x0000000082800000, 0x0000000082700000| Untracked 
|   8|0x0000000082800000, 0x0000000082900000, 0x0000000082900000|100%| O|  |TAMS 0x0000000082900000, 0x0000000082800000| Untracked 
|   9|0x0000000082900000, 0x0000000082a00000, 0x0000000082a00000|100%| O|  |TAMS 0x0000000082a00000, 0x0000000082900000| Untracked 
|  10|0x0000000082a00000, 0x0000000082b00000, 0x0000000082b00000|100%| O|  |TAMS 0x0000000082b00000, 0x0000000082a00000| Untracked 
|  11|0x0000000082b00000, 0x0000000082b73400, 0x0000000082c00000| 45%| O|  |TAMS 0x0000000082b73400, 0x0000000082b00000| Untracked 
|  12|0x0000000082c00000, 0x0000000082d00000, 0x0000000082d00000|100%|HS|  |TAMS 0x0000000082d00000, 0x0000000082c00000| Complete 
|  13|0x0000000082d00000, 0x0000000082e00000, 0x0000000082e00000|100%| O|  |TAMS 0x0000000082e00000, 0x0000000082d00000| Untracked 
|  14|0x0000000082e00000, 0x0000000082f00000, 0x0000000082f00000|100%| O|  |TAMS 0x0000000082f00000, 0x0000000082e00000| Untracked 
|  15|0x0000000082f00000, 0x0000000083000000, 0x0000000083000000|100%| O|  |TAMS 0x0000000083000000, 0x0000000082f00000| Untracked 
|  16|0x0000000083000000, 0x0000000083100000, 0x0000000083100000|100%| O|  |TAMS 0x0000000083100000, 0x0000000083000000| Untracked 
|  17|0x0000000083100000, 0x0000000083200000, 0x0000000083200000|100%| O|  |TAMS 0x00000000831e7600, 0x0000000083100000| Untracked 
|  18|0x0000000083200000, 0x0000000083300000, 0x0000000083300000|100%|HS|  |TAMS 0x0000000083300000, 0x0000000083200000| Complete 
|  19|0x0000000083300000, 0x0000000083400000, 0x0000000083400000|100%|HC|  |TAMS 0x0000000083400000, 0x0000000083300000| Complete 
|  20|0x0000000083400000, 0x0000000083500000, 0x0000000083500000|100%| O|  |TAMS 0x0000000083400000, 0x0000000083400000| Untracked 
|  21|0x0000000083500000, 0x0000000083600000, 0x0000000083600000|100%| O|  |TAMS 0x0000000083500000, 0x0000000083500000| Untracked 
|  22|0x0000000083600000, 0x0000000083700000, 0x0000000083700000|100%| O|  |TAMS 0x0000000083600000, 0x0000000083600000| Untracked 
|  23|0x0000000083700000, 0x0000000083800000, 0x0000000083800000|100%| O|  |TAMS 0x0000000083700000, 0x0000000083700000| Untracked 
|  24|0x0000000083800000, 0x0000000083900000, 0x0000000083900000|100%| O|  |TAMS 0x0000000083900000, 0x0000000083800000| Untracked 
|  25|0x0000000083900000, 0x0000000083a00000, 0x0000000083a00000|100%| O|  |TAMS 0x0000000083a00000, 0x0000000083900000| Untracked 
|  26|0x0000000083a00000, 0x0000000083b00000, 0x0000000083b00000|100%| O|  |TAMS 0x0000000083b00000, 0x0000000083a00000| Untracked 
|  27|0x0000000083b00000, 0x0000000083c00000, 0x0000000083c00000|100%| O|  |TAMS 0x0000000083c00000, 0x0000000083b00000| Untracked 
|  28|0x0000000083c00000, 0x0000000083d00000, 0x0000000083d00000|100%| O|  |TAMS 0x0000000083d00000, 0x0000000083c00000| Untracked 
|  29|0x0000000083d00000, 0x0000000083e00000, 0x0000000083e00000|100%| O|  |TAMS 0x0000000083e00000, 0x0000000083d00000| Untracked 
|  30|0x0000000083e00000, 0x0000000083f00000, 0x0000000083f00000|100%| O|  |TAMS 0x0000000083e00000, 0x0000000083e00000| Untracked 
|  31|0x0000000083f00000, 0x0000000084000000, 0x0000000084000000|100%| O|  |TAMS 0x0000000083f00000, 0x0000000083f00000| Untracked 
|  32|0x0000000084000000, 0x0000000084100000, 0x0000000084100000|100%| O|  |TAMS 0x0000000084000000, 0x0000000084000000| Untracked 
|  33|0x0000000084100000, 0x0000000084200000, 0x0000000084200000|100%| O|  |TAMS 0x0000000084100000, 0x0000000084100000| Untracked 
|  34|0x0000000084200000, 0x0000000084300000, 0x0000000084300000|100%| O|  |TAMS 0x0000000084200000, 0x0000000084200000| Untracked 
|  35|0x0000000084300000, 0x0000000084400000, 0x0000000084400000|100%| O|  |TAMS 0x0000000084300000, 0x0000000084300000| Untracked 
|  36|0x0000000084400000, 0x0000000084500000, 0x0000000084500000|100%| O|  |TAMS 0x0000000084400000, 0x0000000084400000| Untracked 
|  37|0x0000000084500000, 0x0000000084600000, 0x0000000084600000|100%| O|  |TAMS 0x0000000084500000, 0x0000000084500000| Untracked 
|  38|0x0000000084600000, 0x0000000084700000, 0x0000000084700000|100%| O|  |TAMS 0x0000000084600000, 0x0000000084600000| Untracked 
|  39|0x0000000084700000, 0x0000000084800000, 0x0000000084800000|100%| O|  |TAMS 0x0000000084700000, 0x0000000084700000| Untracked 
|  40|0x0000000084800000, 0x0000000084900000, 0x0000000084900000|100%| O|  |TAMS 0x0000000084800000, 0x0000000084800000| Untracked 
|  41|0x0000000084900000, 0x0000000084a00000, 0x0000000084a00000|100%| O|  |TAMS 0x0000000084900000, 0x0000000084900000| Untracked 
|  42|0x0000000084a00000, 0x0000000084b00000, 0x0000000084b00000|100%| O|  |TAMS 0x0000000084a00000, 0x0000000084a00000| Untracked 
|  43|0x0000000084b00000, 0x0000000084c00000, 0x0000000084c00000|100%| O|  |TAMS 0x0000000084b00000, 0x0000000084b00000| Untracked 
|  44|0x0000000084c00000, 0x0000000084d00000, 0x0000000084d00000|100%| O|  |TAMS 0x0000000084c00000, 0x0000000084c00000| Untracked 
|  45|0x0000000084d00000, 0x0000000084e00000, 0x0000000084e00000|100%| O|  |TAMS 0x0000000084d00000, 0x0000000084d00000| Untracked 
|  46|0x0000000084e00000, 0x0000000084f00000, 0x0000000084f00000|100%|HS|  |TAMS 0x0000000084e00000, 0x0000000084e00000| Complete 
|  47|0x0000000084f00000, 0x0000000085000000, 0x0000000085000000|100%|HC|  |TAMS 0x0000000084f00000, 0x0000000084f00000| Complete 
|  48|0x0000000085000000, 0x0000000085100000, 0x0000000085100000|100%| O|  |TAMS 0x0000000085000000, 0x0000000085000000| Untracked 
|  49|0x0000000085100000, 0x0000000085200000, 0x0000000085200000|100%| O|  |TAMS 0x0000000085100000, 0x0000000085100000| Untracked 
|  50|0x0000000085200000, 0x0000000085300000, 0x0000000085300000|100%|HS|  |TAMS 0x0000000085200000, 0x0000000085200000| Complete 
|  51|0x0000000085300000, 0x0000000085400000, 0x0000000085400000|100%|HC|  |TAMS 0x0000000085300000, 0x0000000085300000| Complete 
|  52|0x0000000085400000, 0x0000000085500000, 0x0000000085500000|100%| O|  |TAMS 0x0000000085400000, 0x0000000085400000| Untracked 
|  53|0x0000000085500000, 0x0000000085600000, 0x0000000085600000|100%| O|  |TAMS 0x0000000085600000, 0x0000000085500000| Untracked 
|  54|0x0000000085600000, 0x0000000085700000, 0x0000000085700000|100%| O|  |TAMS 0x0000000085700000, 0x0000000085600000| Untracked 
|  55|0x0000000085700000, 0x0000000085800000, 0x0000000085800000|100%| O|  |TAMS 0x0000000085700000, 0x0000000085700000| Untracked 
|  56|0x0000000085800000, 0x0000000085900000, 0x0000000085900000|100%| O|  |TAMS 0x0000000085800000, 0x0000000085800000| Untracked 
|  57|0x0000000085900000, 0x0000000085a00000, 0x0000000085a00000|100%| O|  |TAMS 0x0000000085900000, 0x0000000085900000| Untracked 
|  58|0x0000000085a00000, 0x0000000085b00000, 0x0000000085b00000|100%| O|  |TAMS 0x0000000085a00000, 0x0000000085a00000| Untracked 
|  59|0x0000000085b00000, 0x0000000085c00000, 0x0000000085c00000|100%| O|  |TAMS 0x0000000085b00000, 0x0000000085b00000| Untracked 
|  60|0x0000000085c00000, 0x0000000085d00000, 0x0000000085d00000|100%| O|  |TAMS 0x0000000085c00000, 0x0000000085c00000| Untracked 
|  61|0x0000000085d00000, 0x0000000085e00000, 0x0000000085e00000|100%| O|  |TAMS 0x0000000085d00000, 0x0000000085d00000| Untracked 
|  62|0x0000000085e00000, 0x0000000085f00000, 0x0000000085f00000|100%| O|  |TAMS 0x0000000085e00000, 0x0000000085e00000| Untracked 
|  63|0x0000000085f00000, 0x0000000086000000, 0x0000000086000000|100%|HS|  |TAMS 0x0000000085f00000, 0x0000000085f00000| Complete 
|  64|0x0000000086000000, 0x0000000086100000, 0x0000000086100000|100%|HC|  |TAMS 0x0000000086000000, 0x0000000086000000| Complete 
|  65|0x0000000086100000, 0x0000000086200000, 0x0000000086200000|100%|HC|  |TAMS 0x0000000086100000, 0x0000000086100000| Complete 
|  66|0x0000000086200000, 0x0000000086300000, 0x0000000086300000|100%|HC|  |TAMS 0x0000000086200000, 0x0000000086200000| Complete 
|  67|0x0000000086300000, 0x0000000086400000, 0x0000000086400000|100%|HC|  |TAMS 0x0000000086300000, 0x0000000086300000| Complete 
|  68|0x0000000086400000, 0x0000000086500000, 0x0000000086500000|100%| O|  |TAMS 0x0000000086400000, 0x0000000086400000| Untracked 
|  69|0x0000000086500000, 0x0000000086600000, 0x0000000086600000|100%| O|  |TAMS 0x0000000086500000, 0x0000000086500000| Untracked 
|  70|0x0000000086600000, 0x0000000086700000, 0x0000000086700000|100%| O|  |TAMS 0x0000000086600000, 0x0000000086600000| Untracked 
|  71|0x0000000086700000, 0x0000000086800000, 0x0000000086800000|100%| O|  |TAMS 0x0000000086700000, 0x0000000086700000| Untracked 
|  72|0x0000000086800000, 0x0000000086900000, 0x0000000086900000|100%| O|  |TAMS 0x0000000086800000, 0x0000000086800000| Untracked 
|  73|0x0000000086900000, 0x0000000086a00000, 0x0000000086a00000|100%| O|  |TAMS 0x0000000086900000, 0x0000000086900000| Untracked 
|  74|0x0000000086a00000, 0x0000000086b00000, 0x0000000086b00000|100%| O|  |TAMS 0x0000000086a00000, 0x0000000086a00000| Untracked 
|  75|0x0000000086b00000, 0x0000000086c00000, 0x0000000086c00000|100%| O|  |TAMS 0x0000000086b00000, 0x0000000086b00000| Untracked 
|  76|0x0000000086c00000, 0x0000000086d00000, 0x0000000086d00000|100%| O|  |TAMS 0x0000000086c00000, 0x0000000086c00000| Untracked 
|  77|0x0000000086d00000, 0x0000000086e00000, 0x0000000086e00000|100%| O|  |TAMS 0x0000000086d00000, 0x0000000086d00000| Untracked 
|  78|0x0000000086e00000, 0x0000000086f00000, 0x0000000086f00000|100%| O|  |TAMS 0x0000000086e00000, 0x0000000086e00000| Untracked 
|  79|0x0000000086f00000, 0x0000000087000000, 0x0000000087000000|100%| O|  |TAMS 0x0000000086f00000, 0x0000000086f00000| Untracked 
|  80|0x0000000087000000, 0x0000000087100000, 0x0000000087100000|100%| O|  |TAMS 0x0000000087000000, 0x0000000087000000| Untracked 
|  81|0x0000000087100000, 0x0000000087200000, 0x0000000087200000|100%| O|  |TAMS 0x0000000087100000, 0x0000000087100000| Untracked 
|  82|0x0000000087200000, 0x0000000087300000, 0x0000000087300000|100%| O|  |TAMS 0x0000000087200000, 0x0000000087200000| Untracked 
|  83|0x0000000087300000, 0x0000000087400000, 0x0000000087400000|100%| O|  |TAMS 0x0000000087300000, 0x0000000087300000| Untracked 
|  84|0x0000000087400000, 0x0000000087500000, 0x0000000087500000|100%| O|  |TAMS 0x0000000087400000, 0x0000000087400000| Untracked 
|  85|0x0000000087500000, 0x0000000087600000, 0x0000000087600000|100%| O|  |TAMS 0x0000000087500000, 0x0000000087500000| Untracked 
|  86|0x0000000087600000, 0x0000000087700000, 0x0000000087700000|100%| O|  |TAMS 0x0000000087600000, 0x0000000087600000| Untracked 
|  87|0x0000000087700000, 0x0000000087800000, 0x0000000087800000|100%| O|  |TAMS 0x0000000087700000, 0x0000000087700000| Untracked 
|  88|0x0000000087800000, 0x0000000087880000, 0x0000000087900000| 50%| O|  |TAMS 0x0000000087800000, 0x0000000087800000| Untracked 
|  89|0x0000000087900000, 0x0000000087900000, 0x0000000087a00000|  0%| F|  |TAMS 0x0000000087900000, 0x0000000087900000| Untracked 
|  90|0x0000000087a00000, 0x0000000087a00000, 0x0000000087b00000|  0%| F|  |TAMS 0x0000000087a00000, 0x0000000087a00000| Untracked 
|  91|0x0000000087b00000, 0x0000000087b00000, 0x0000000087c00000|  0%| F|  |TAMS 0x0000000087b00000, 0x0000000087b00000| Untracked 
|  92|0x0000000087c00000, 0x0000000087c00000, 0x0000000087d00000|  0%| F|  |TAMS 0x0000000087c00000, 0x0000000087c00000| Untracked 
|  93|0x0000000087d00000, 0x0000000087d00000, 0x0000000087e00000|  0%| F|  |TAMS 0x0000000087d00000, 0x0000000087d00000| Untracked 
|  94|0x0000000087e00000, 0x0000000087e00000, 0x0000000087f00000|  0%| F|  |TAMS 0x0000000087e00000, 0x0000000087e00000| Untracked 
|  95|0x0000000087f00000, 0x0000000087f00000, 0x0000000088000000|  0%| F|  |TAMS 0x0000000087f00000, 0x0000000087f00000| Untracked 
|  96|0x0000000088000000, 0x0000000088000000, 0x0000000088100000|  0%| F|  |TAMS 0x0000000088000000, 0x0000000088000000| Untracked 
|  97|0x0000000088100000, 0x0000000088100000, 0x0000000088200000|  0%| F|  |TAMS 0x0000000088100000, 0x0000000088100000| Untracked 
|  98|0x0000000088200000, 0x0000000088200000, 0x0000000088300000|  0%| F|  |TAMS 0x0000000088200000, 0x0000000088200000| Untracked 
|  99|0x0000000088300000, 0x0000000088300000, 0x0000000088400000|  0%| F|  |TAMS 0x0000000088300000, 0x0000000088300000| Untracked 
| 100|0x0000000088400000, 0x0000000088400000, 0x0000000088500000|  0%| F|  |TAMS 0x0000000088400000, 0x0000000088400000| Untracked 
| 101|0x0000000088500000, 0x0000000088500000, 0x0000000088600000|  0%| F|  |TAMS 0x0000000088500000, 0x0000000088500000| Untracked 
| 102|0x0000000088600000, 0x0000000088600000, 0x0000000088700000|  0%| F|  |TAMS 0x0000000088600000, 0x0000000088600000| Untracked 
| 103|0x0000000088700000, 0x0000000088700000, 0x0000000088800000|  0%| F|  |TAMS 0x0000000088700000, 0x0000000088700000| Untracked 
| 104|0x0000000088800000, 0x0000000088800000, 0x0000000088900000|  0%| F|  |TAMS 0x0000000088800000, 0x0000000088800000| Untracked 
| 105|0x0000000088900000, 0x0000000088900000, 0x0000000088a00000|  0%| F|  |TAMS 0x0000000088900000, 0x0000000088900000| Untracked 
| 106|0x0000000088a00000, 0x0000000088b00000, 0x0000000088b00000|100%| O|  |TAMS 0x0000000088a00000, 0x0000000088a00000| Untracked 
| 107|0x0000000088b00000, 0x0000000088c00000, 0x0000000088c00000|100%| O|  |TAMS 0x0000000088b00000, 0x0000000088b00000| Untracked 
| 108|0x0000000088c00000, 0x0000000088d00000, 0x0000000088d00000|100%| O|  |TAMS 0x0000000088c00000, 0x0000000088c00000| Untracked 
| 109|0x0000000088d00000, 0x0000000088e00000, 0x0000000088e00000|100%| O|  |TAMS 0x0000000088d00000, 0x0000000088d00000| Untracked 
| 110|0x0000000088e00000, 0x0000000088f00000, 0x0000000088f00000|100%| O|  |TAMS 0x0000000088e00000, 0x0000000088e00000| Untracked 
| 111|0x0000000088f00000, 0x0000000089000000, 0x0000000089000000|100%| O|  |TAMS 0x0000000088f00000, 0x0000000088f00000| Untracked 
| 112|0x0000000089000000, 0x0000000089100000, 0x0000000089100000|100%| O|  |TAMS 0x0000000089000000, 0x0000000089000000| Untracked 
| 113|0x0000000089100000, 0x0000000089200000, 0x0000000089200000|100%| O|  |TAMS 0x0000000089100000, 0x0000000089100000| Untracked 
| 114|0x0000000089200000, 0x0000000089300000, 0x0000000089300000|100%| O|  |TAMS 0x0000000089200000, 0x0000000089200000| Untracked 
| 115|0x0000000089300000, 0x0000000089400000, 0x0000000089400000|100%| O|  |TAMS 0x0000000089300000, 0x0000000089300000| Untracked 
| 116|0x0000000089400000, 0x0000000089500000, 0x0000000089500000|100%| O|  |TAMS 0x0000000089400000, 0x0000000089400000| Untracked 
| 117|0x0000000089500000, 0x0000000089600000, 0x0000000089600000|100%| O|  |TAMS 0x0000000089500000, 0x0000000089500000| Untracked 
| 118|0x0000000089600000, 0x0000000089700000, 0x0000000089700000|100%| O|  |TAMS 0x0000000089600000, 0x0000000089600000| Untracked 
| 119|0x0000000089700000, 0x0000000089800000, 0x0000000089800000|100%| O|  |TAMS 0x0000000089700000, 0x0000000089700000| Untracked 
| 120|0x0000000089800000, 0x0000000089900000, 0x0000000089900000|100%| O|  |TAMS 0x0000000089800000, 0x0000000089800000| Untracked 
| 121|0x0000000089900000, 0x0000000089a00000, 0x0000000089a00000|100%| O|  |TAMS 0x0000000089900000, 0x0000000089900000| Untracked 
| 122|0x0000000089a00000, 0x0000000089b00000, 0x0000000089b00000|100%| O|  |TAMS 0x0000000089a00000, 0x0000000089a00000| Untracked 
| 123|0x0000000089b00000, 0x0000000089c00000, 0x0000000089c00000|100%| O|  |TAMS 0x0000000089b00000, 0x0000000089b00000| Untracked 
| 124|0x0000000089c00000, 0x0000000089d00000, 0x0000000089d00000|100%| O|  |TAMS 0x0000000089c00000, 0x0000000089c00000| Untracked 
| 125|0x0000000089d00000, 0x0000000089e00000, 0x0000000089e00000|100%| O|  |TAMS 0x0000000089d00000, 0x0000000089d00000| Untracked 
| 126|0x0000000089e00000, 0x0000000089f00000, 0x0000000089f00000|100%| O|  |TAMS 0x0000000089e00000, 0x0000000089e00000| Untracked 
| 127|0x0000000089f00000, 0x000000008a000000, 0x000000008a000000|100%| O|  |TAMS 0x0000000089f00000, 0x0000000089f00000| Untracked 
| 128|0x000000008a000000, 0x000000008a100000, 0x000000008a100000|100%| O|  |TAMS 0x000000008a000000, 0x000000008a000000| Untracked 
| 129|0x000000008a100000, 0x000000008a200000, 0x000000008a200000|100%| O|  |TAMS 0x000000008a100000, 0x000000008a100000| Untracked 
| 130|0x000000008a200000, 0x000000008a300000, 0x000000008a300000|100%| O|  |TAMS 0x000000008a200000, 0x000000008a200000| Untracked 
| 131|0x000000008a300000, 0x000000008a400000, 0x000000008a400000|100%| O|  |TAMS 0x000000008a300000, 0x000000008a300000| Untracked 
| 132|0x000000008a400000, 0x000000008a500000, 0x000000008a500000|100%| O|  |TAMS 0x000000008a400000, 0x000000008a400000| Untracked 
| 133|0x000000008a500000, 0x000000008a600000, 0x000000008a600000|100%| O|  |TAMS 0x000000008a500000, 0x000000008a500000| Untracked 
| 134|0x000000008a600000, 0x000000008a700000, 0x000000008a700000|100%| O|  |TAMS 0x000000008a600000, 0x000000008a600000| Untracked 
| 135|0x000000008a700000, 0x000000008a800000, 0x000000008a800000|100%| O|  |TAMS 0x000000008a700000, 0x000000008a700000| Untracked 
| 136|0x000000008a800000, 0x000000008a900000, 0x000000008a900000|100%| O|  |TAMS 0x000000008a800000, 0x000000008a800000| Untracked 
| 137|0x000000008a900000, 0x000000008aa00000, 0x000000008aa00000|100%| O|  |TAMS 0x000000008a900000, 0x000000008a900000| Untracked 
| 138|0x000000008aa00000, 0x000000008aa00000, 0x000000008ab00000|  0%| F|  |TAMS 0x000000008aa00000, 0x000000008aa00000| Untracked 
| 139|0x000000008ab00000, 0x000000008ab00000, 0x000000008ac00000|  0%| F|  |TAMS 0x000000008ab00000, 0x000000008ab00000| Untracked 
| 140|0x000000008ac00000, 0x000000008ac00000, 0x000000008ad00000|  0%| F|  |TAMS 0x000000008ac00000, 0x000000008ac00000| Untracked 
| 141|0x000000008ad00000, 0x000000008ad00000, 0x000000008ae00000|  0%| F|  |TAMS 0x000000008ad00000, 0x000000008ad00000| Untracked 
| 142|0x000000008ae00000, 0x000000008ae00000, 0x000000008af00000|  0%| F|  |TAMS 0x000000008ae00000, 0x000000008ae00000| Untracked 
| 143|0x000000008af00000, 0x000000008af00000, 0x000000008b000000|  0%| F|  |TAMS 0x000000008af00000, 0x000000008af00000| Untracked 
| 144|0x000000008b000000, 0x000000008b000000, 0x000000008b100000|  0%| F|  |TAMS 0x000000008b000000, 0x000000008b000000| Untracked 
| 145|0x000000008b100000, 0x000000008b100000, 0x000000008b200000|  0%| F|  |TAMS 0x000000008b100000, 0x000000008b100000| Untracked 
| 146|0x000000008b200000, 0x000000008b200000, 0x000000008b300000|  0%| F|  |TAMS 0x000000008b200000, 0x000000008b200000| Untracked 
| 147|0x000000008b300000, 0x000000008b300000, 0x000000008b400000|  0%| F|  |TAMS 0x000000008b300000, 0x000000008b300000| Untracked 
| 148|0x000000008b400000, 0x000000008b400000, 0x000000008b500000|  0%| F|  |TAMS 0x000000008b400000, 0x000000008b400000| Untracked 
| 149|0x000000008b500000, 0x000000008b500000, 0x000000008b600000|  0%| F|  |TAMS 0x000000008b500000, 0x000000008b500000| Untracked 
| 150|0x000000008b600000, 0x000000008b600000, 0x000000008b700000|  0%| F|  |TAMS 0x000000008b600000, 0x000000008b600000| Untracked 
| 151|0x000000008b700000, 0x000000008b700000, 0x000000008b800000|  0%| F|  |TAMS 0x000000008b700000, 0x000000008b700000| Untracked 
| 152|0x000000008b800000, 0x000000008b800000, 0x000000008b900000|  0%| F|  |TAMS 0x000000008b800000, 0x000000008b800000| Untracked 
| 153|0x000000008b900000, 0x000000008b900000, 0x000000008ba00000|  0%| F|  |TAMS 0x000000008b900000, 0x000000008b900000| Untracked 
| 154|0x000000008ba00000, 0x000000008ba00000, 0x000000008bb00000|  0%| F|  |TAMS 0x000000008ba00000, 0x000000008ba00000| Untracked 
| 155|0x000000008bb00000, 0x000000008bb00000, 0x000000008bc00000|  0%| F|  |TAMS 0x000000008bb00000, 0x000000008bb00000| Untracked 
| 156|0x000000008bc00000, 0x000000008bc00000, 0x000000008bd00000|  0%| F|  |TAMS 0x000000008bc00000, 0x000000008bc00000| Untracked 
| 157|0x000000008bd00000, 0x000000008be00000, 0x000000008be00000|100%| S|CS|TAMS 0x000000008bd00000, 0x000000008bd00000| Complete 
| 158|0x000000008be00000, 0x000000008bf00000, 0x000000008bf00000|100%| S|CS|TAMS 0x000000008be00000, 0x000000008be00000| Complete 
| 159|0x000000008bf00000, 0x000000008c000000, 0x000000008c000000|100%| S|CS|TAMS 0x000000008bf00000, 0x000000008bf00000| Complete 
| 160|0x000000008c000000, 0x000000008c100000, 0x000000008c100000|100%| S|CS|TAMS 0x000000008c000000, 0x000000008c000000| Complete 
| 161|0x000000008c100000, 0x000000008c200000, 0x000000008c200000|100%| S|CS|TAMS 0x000000008c100000, 0x000000008c100000| Complete 
| 162|0x000000008c200000, 0x000000008c300000, 0x000000008c300000|100%| S|CS|TAMS 0x000000008c200000, 0x000000008c200000| Complete 
| 163|0x000000008c300000, 0x000000008c400000, 0x000000008c400000|100%| S|CS|TAMS 0x000000008c300000, 0x000000008c300000| Complete 
| 164|0x000000008c400000, 0x000000008c500000, 0x000000008c500000|100%| S|CS|TAMS 0x000000008c400000, 0x000000008c400000| Complete 
| 165|0x000000008c500000, 0x000000008c600000, 0x000000008c600000|100%| S|CS|TAMS 0x000000008c500000, 0x000000008c500000| Complete 
| 166|0x000000008c600000, 0x000000008c700000, 0x000000008c700000|100%| S|CS|TAMS 0x000000008c600000, 0x000000008c600000| Complete 
| 167|0x000000008c700000, 0x000000008c800000, 0x000000008c800000|100%| S|CS|TAMS 0x000000008c700000, 0x000000008c700000| Complete 
| 168|0x000000008c800000, 0x000000008c900000, 0x000000008c900000|100%| S|CS|TAMS 0x000000008c800000, 0x000000008c800000| Complete 
| 169|0x000000008c900000, 0x000000008ca00000, 0x000000008ca00000|100%| S|CS|TAMS 0x000000008c900000, 0x000000008c900000| Complete 
| 170|0x000000008ca00000, 0x000000008cb00000, 0x000000008cb00000|100%| S|CS|TAMS 0x000000008ca00000, 0x000000008ca00000| Complete 
| 171|0x000000008cb00000, 0x000000008cc00000, 0x000000008cc00000|100%| S|CS|TAMS 0x000000008cb00000, 0x000000008cb00000| Complete 
| 172|0x000000008cc00000, 0x000000008cc00000, 0x000000008cd00000|  0%| F|  |TAMS 0x000000008cc00000, 0x000000008cc00000| Untracked 
| 173|0x000000008cd00000, 0x000000008cd00000, 0x000000008ce00000|  0%| F|  |TAMS 0x000000008cd00000, 0x000000008cd00000| Untracked 
| 174|0x000000008ce00000, 0x000000008ce00000, 0x000000008cf00000|  0%| F|  |TAMS 0x000000008ce00000, 0x000000008ce00000| Untracked 
| 175|0x000000008cf00000, 0x000000008cf00000, 0x000000008d000000|  0%| F|  |TAMS 0x000000008cf00000, 0x000000008cf00000| Untracked 
| 176|0x000000008d000000, 0x000000008d000000, 0x000000008d100000|  0%| F|  |TAMS 0x000000008d000000, 0x000000008d000000| Untracked 
| 177|0x000000008d100000, 0x000000008d100000, 0x000000008d200000|  0%| F|  |TAMS 0x000000008d100000, 0x000000008d100000| Untracked 
| 178|0x000000008d200000, 0x000000008d300000, 0x000000008d300000|100%| S|CS|TAMS 0x000000008d200000, 0x000000008d200000| Complete 
| 179|0x000000008d300000, 0x000000008d400000, 0x000000008d400000|100%| S|CS|TAMS 0x000000008d300000, 0x000000008d300000| Complete 
| 180|0x000000008d400000, 0x000000008d500000, 0x000000008d500000|100%| S|CS|TAMS 0x000000008d400000, 0x000000008d400000| Complete 
| 181|0x000000008d500000, 0x000000008d600000, 0x000000008d600000|100%| S|CS|TAMS 0x000000008d500000, 0x000000008d500000| Complete 
| 182|0x000000008d600000, 0x000000008d700000, 0x000000008d700000|100%| S|CS|TAMS 0x000000008d600000, 0x000000008d600000| Complete 
| 183|0x000000008d700000, 0x000000008d800000, 0x000000008d800000|100%| S|CS|TAMS 0x000000008d700000, 0x000000008d700000| Complete 
| 184|0x000000008d800000, 0x000000008d900000, 0x000000008d900000|100%| S|CS|TAMS 0x000000008d800000, 0x000000008d800000| Complete 
| 185|0x000000008d900000, 0x000000008da00000, 0x000000008da00000|100%| S|CS|TAMS 0x000000008d900000, 0x000000008d900000| Complete 
| 186|0x000000008da00000, 0x000000008db00000, 0x000000008db00000|100%| S|CS|TAMS 0x000000008da00000, 0x000000008da00000| Complete 
| 187|0x000000008db00000, 0x000000008dc00000, 0x000000008dc00000|100%| S|CS|TAMS 0x000000008db00000, 0x000000008db00000| Complete 
| 188|0x000000008dc00000, 0x000000008dd00000, 0x000000008dd00000|100%| S|CS|TAMS 0x000000008dc00000, 0x000000008dc00000| Complete 
| 189|0x000000008dd00000, 0x000000008de00000, 0x000000008de00000|100%| S|CS|TAMS 0x000000008dd00000, 0x000000008dd00000| Complete 
| 190|0x000000008de00000, 0x000000008df00000, 0x000000008df00000|100%| S|CS|TAMS 0x000000008de00000, 0x000000008de00000| Complete 
| 191|0x000000008df00000, 0x000000008e000000, 0x000000008e000000|100%| S|CS|TAMS 0x000000008df00000, 0x000000008df00000| Complete 
| 192|0x000000008e000000, 0x000000008e100000, 0x000000008e100000|100%| S|CS|TAMS 0x000000008e000000, 0x000000008e000000| Complete 
| 193|0x000000008e100000, 0x000000008e200000, 0x000000008e200000|100%| S|CS|TAMS 0x000000008e100000, 0x000000008e100000| Complete 
| 194|0x000000008e200000, 0x000000008e300000, 0x000000008e300000|100%| S|CS|TAMS 0x000000008e200000, 0x000000008e200000| Complete 
| 195|0x000000008e300000, 0x000000008e400000, 0x000000008e400000|100%| S|CS|TAMS 0x000000008e300000, 0x000000008e300000| Complete 
| 196|0x000000008e400000, 0x000000008e400000, 0x000000008e500000|  0%| F|  |TAMS 0x000000008e400000, 0x000000008e400000| Untracked 
| 197|0x000000008e500000, 0x000000008e500000, 0x000000008e600000|  0%| F|  |TAMS 0x000000008e500000, 0x000000008e500000| Untracked 
| 198|0x000000008e600000, 0x000000008e600000, 0x000000008e700000|  0%| F|  |TAMS 0x000000008e600000, 0x000000008e600000| Untracked 
| 199|0x000000008e700000, 0x000000008e700000, 0x000000008e800000|  0%| F|  |TAMS 0x000000008e700000, 0x000000008e700000| Untracked 
| 200|0x000000008e800000, 0x000000008e800000, 0x000000008e900000|  0%| F|  |TAMS 0x000000008e800000, 0x000000008e800000| Untracked 
| 201|0x000000008e900000, 0x000000008e900000, 0x000000008ea00000|  0%| F|  |TAMS 0x000000008e900000, 0x000000008e900000| Untracked 
| 202|0x000000008ea00000, 0x000000008ea00000, 0x000000008eb00000|  0%| F|  |TAMS 0x000000008ea00000, 0x000000008ea00000| Untracked 
| 203|0x000000008eb00000, 0x000000008eb00000, 0x000000008ec00000|  0%| F|  |TAMS 0x000000008eb00000, 0x000000008eb00000| Untracked 
| 204|0x000000008ec00000, 0x000000008ec00000, 0x000000008ed00000|  0%| F|  |TAMS 0x000000008ec00000, 0x000000008ec00000| Untracked 
| 205|0x000000008ed00000, 0x000000008ed00000, 0x000000008ee00000|  0%| F|  |TAMS 0x000000008ed00000, 0x000000008ed00000| Untracked 
| 206|0x000000008ee00000, 0x000000008ee00000, 0x000000008ef00000|  0%| F|  |TAMS 0x000000008ee00000, 0x000000008ee00000| Untracked 
| 207|0x000000008ef00000, 0x000000008ef00000, 0x000000008f000000|  0%| F|  |TAMS 0x000000008ef00000, 0x000000008ef00000| Untracked 
| 208|0x000000008f000000, 0x000000008f000000, 0x000000008f100000|  0%| F|  |TAMS 0x000000008f000000, 0x000000008f000000| Untracked 
| 209|0x000000008f100000, 0x000000008f100000, 0x000000008f200000|  0%| F|  |TAMS 0x000000008f100000, 0x000000008f100000| Untracked 
| 210|0x000000008f200000, 0x000000008f200000, 0x000000008f300000|  0%| F|  |TAMS 0x000000008f200000, 0x000000008f200000| Untracked 
| 211|0x000000008f300000, 0x000000008f300000, 0x000000008f400000|  0%| F|  |TAMS 0x000000008f300000, 0x000000008f300000| Untracked 
| 212|0x000000008f400000, 0x000000008f400000, 0x000000008f500000|  0%| F|  |TAMS 0x000000008f400000, 0x000000008f400000| Untracked 
| 213|0x000000008f500000, 0x000000008f500000, 0x000000008f600000|  0%| F|  |TAMS 0x000000008f500000, 0x000000008f500000| Untracked 
| 214|0x000000008f600000, 0x000000008f600000, 0x000000008f700000|  0%| F|  |TAMS 0x000000008f600000, 0x000000008f600000| Untracked 
| 215|0x000000008f700000, 0x000000008f700000, 0x000000008f800000|  0%| F|  |TAMS 0x000000008f700000, 0x000000008f700000| Untracked 
| 216|0x000000008f800000, 0x000000008f800000, 0x000000008f900000|  0%| F|  |TAMS 0x000000008f800000, 0x000000008f800000| Untracked 
| 217|0x000000008f900000, 0x000000008f900000, 0x000000008fa00000|  0%| F|  |TAMS 0x000000008f900000, 0x000000008f900000| Untracked 
| 218|0x000000008fa00000, 0x000000008fa00000, 0x000000008fb00000|  0%| F|  |TAMS 0x000000008fa00000, 0x000000008fa00000| Untracked 
| 219|0x000000008fb00000, 0x000000008fb00000, 0x000000008fc00000|  0%| F|  |TAMS 0x000000008fb00000, 0x000000008fb00000| Untracked 
| 220|0x000000008fc00000, 0x000000008fc00000, 0x000000008fd00000|  0%| F|  |TAMS 0x000000008fc00000, 0x000000008fc00000| Untracked 
| 221|0x000000008fd00000, 0x000000008fd00000, 0x000000008fe00000|  0%| F|  |TAMS 0x000000008fd00000, 0x000000008fd00000| Untracked 
| 222|0x000000008fe00000, 0x000000008fe00000, 0x000000008ff00000|  0%| F|  |TAMS 0x000000008fe00000, 0x000000008fe00000| Untracked 
| 223|0x000000008ff00000, 0x000000008ff00000, 0x0000000090000000|  0%| F|  |TAMS 0x000000008ff00000, 0x000000008ff00000| Untracked 
| 224|0x0000000090000000, 0x0000000090000000, 0x0000000090100000|  0%| F|  |TAMS 0x0000000090000000, 0x0000000090000000| Untracked 
| 225|0x0000000090100000, 0x0000000090100000, 0x0000000090200000|  0%| F|  |TAMS 0x0000000090100000, 0x0000000090100000| Untracked 
| 226|0x0000000090200000, 0x0000000090200000, 0x0000000090300000|  0%| F|  |TAMS 0x0000000090200000, 0x0000000090200000| Untracked 
| 227|0x0000000090300000, 0x0000000090300000, 0x0000000090400000|  0%| F|  |TAMS 0x0000000090300000, 0x0000000090300000| Untracked 
| 228|0x0000000090400000, 0x0000000090400000, 0x0000000090500000|  0%| F|  |TAMS 0x0000000090400000, 0x0000000090400000| Untracked 
| 229|0x0000000090500000, 0x0000000090500000, 0x0000000090600000|  0%| F|  |TAMS 0x0000000090500000, 0x0000000090500000| Untracked 
| 230|0x0000000090600000, 0x0000000090600000, 0x0000000090700000|  0%| F|  |TAMS 0x0000000090600000, 0x0000000090600000| Untracked 
| 231|0x0000000090700000, 0x0000000090700000, 0x0000000090800000|  0%| F|  |TAMS 0x0000000090700000, 0x0000000090700000| Untracked 
| 232|0x0000000090800000, 0x0000000090800000, 0x0000000090900000|  0%| F|  |TAMS 0x0000000090800000, 0x0000000090800000| Untracked 
| 233|0x0000000090900000, 0x0000000090900000, 0x0000000090a00000|  0%| F|  |TAMS 0x0000000090900000, 0x0000000090900000| Untracked 
| 234|0x0000000090a00000, 0x0000000090a00000, 0x0000000090b00000|  0%| F|  |TAMS 0x0000000090a00000, 0x0000000090a00000| Untracked 
| 235|0x0000000090b00000, 0x0000000090b00000, 0x0000000090c00000|  0%| F|  |TAMS 0x0000000090b00000, 0x0000000090b00000| Untracked 
| 236|0x0000000090c00000, 0x0000000090c00000, 0x0000000090d00000|  0%| F|  |TAMS 0x0000000090c00000, 0x0000000090c00000| Untracked 
| 237|0x0000000090d00000, 0x0000000090d00000, 0x0000000090e00000|  0%| F|  |TAMS 0x0000000090d00000, 0x0000000090d00000| Untracked 
| 238|0x0000000090e00000, 0x0000000090e00000, 0x0000000090f00000|  0%| F|  |TAMS 0x0000000090e00000, 0x0000000090e00000| Untracked 
| 239|0x0000000090f00000, 0x0000000090f00000, 0x0000000091000000|  0%| F|  |TAMS 0x0000000090f00000, 0x0000000090f00000| Untracked 
| 240|0x0000000091000000, 0x0000000091000000, 0x0000000091100000|  0%| F|  |TAMS 0x0000000091000000, 0x0000000091000000| Untracked 
| 241|0x0000000091100000, 0x0000000091100000, 0x0000000091200000|  0%| F|  |TAMS 0x0000000091100000, 0x0000000091100000| Untracked 
| 242|0x0000000091200000, 0x0000000091200000, 0x0000000091300000|  0%| F|  |TAMS 0x0000000091200000, 0x0000000091200000| Untracked 
| 243|0x0000000091300000, 0x0000000091300000, 0x0000000091400000|  0%| F|  |TAMS 0x0000000091300000, 0x0000000091300000| Untracked 
| 244|0x0000000091400000, 0x0000000091400000, 0x0000000091500000|  0%| F|  |TAMS 0x0000000091400000, 0x0000000091400000| Untracked 
| 245|0x0000000091500000, 0x0000000091500000, 0x0000000091600000|  0%| F|  |TAMS 0x0000000091500000, 0x0000000091500000| Untracked 
| 246|0x0000000091600000, 0x0000000091600000, 0x0000000091700000|  0%| F|  |TAMS 0x0000000091600000, 0x0000000091600000| Untracked 
| 247|0x0000000091700000, 0x0000000091700000, 0x0000000091800000|  0%| F|  |TAMS 0x0000000091700000, 0x0000000091700000| Untracked 
| 248|0x0000000091800000, 0x0000000091800000, 0x0000000091900000|  0%| F|  |TAMS 0x0000000091800000, 0x0000000091800000| Untracked 
| 249|0x0000000091900000, 0x0000000091900000, 0x0000000091a00000|  0%| F|  |TAMS 0x0000000091900000, 0x0000000091900000| Untracked 
| 250|0x0000000091a00000, 0x0000000091a00000, 0x0000000091b00000|  0%| F|  |TAMS 0x0000000091a00000, 0x0000000091a00000| Untracked 
| 251|0x0000000091b00000, 0x0000000091b00000, 0x0000000091c00000|  0%| F|  |TAMS 0x0000000091b00000, 0x0000000091b00000| Untracked 
| 252|0x0000000091c00000, 0x0000000091c00000, 0x0000000091d00000|  0%| F|  |TAMS 0x0000000091c00000, 0x0000000091c00000| Untracked 
| 253|0x0000000091d00000, 0x0000000091d00000, 0x0000000091e00000|  0%| F|  |TAMS 0x0000000091d00000, 0x0000000091d00000| Untracked 
| 254|0x0000000091e00000, 0x0000000091e00000, 0x0000000091f00000|  0%| F|  |TAMS 0x0000000091e00000, 0x0000000091e00000| Untracked 
| 255|0x0000000091f00000, 0x0000000091f00000, 0x0000000092000000|  0%| F|  |TAMS 0x0000000091f00000, 0x0000000091f00000| Untracked 
| 256|0x0000000092000000, 0x0000000092000000, 0x0000000092100000|  0%| F|  |TAMS 0x0000000092000000, 0x0000000092000000| Untracked 
| 257|0x0000000092100000, 0x0000000092100000, 0x0000000092200000|  0%| F|  |TAMS 0x0000000092100000, 0x0000000092100000| Untracked 
| 258|0x0000000092200000, 0x0000000092200000, 0x0000000092300000|  0%| F|  |TAMS 0x0000000092200000, 0x0000000092200000| Untracked 
| 259|0x0000000092300000, 0x0000000092300000, 0x0000000092400000|  0%| F|  |TAMS 0x0000000092300000, 0x0000000092300000| Untracked 
| 260|0x0000000092400000, 0x0000000092400000, 0x0000000092500000|  0%| F|  |TAMS 0x0000000092400000, 0x0000000092400000| Untracked 
| 261|0x0000000092500000, 0x0000000092500000, 0x0000000092600000|  0%| F|  |TAMS 0x0000000092500000, 0x0000000092500000| Untracked 
| 262|0x0000000092600000, 0x0000000092600000, 0x0000000092700000|  0%| F|  |TAMS 0x0000000092600000, 0x0000000092600000| Untracked 
| 263|0x0000000092700000, 0x0000000092700000, 0x0000000092800000|  0%| F|  |TAMS 0x0000000092700000, 0x0000000092700000| Untracked 
| 264|0x0000000092800000, 0x0000000092800000, 0x0000000092900000|  0%| F|  |TAMS 0x0000000092800000, 0x0000000092800000| Untracked 
| 265|0x0000000092900000, 0x0000000092900000, 0x0000000092a00000|  0%| F|  |TAMS 0x0000000092900000, 0x0000000092900000| Untracked 
| 266|0x0000000092a00000, 0x0000000092a00000, 0x0000000092b00000|  0%| F|  |TAMS 0x0000000092a00000, 0x0000000092a00000| Untracked 
| 267|0x0000000092b00000, 0x0000000092b00000, 0x0000000092c00000|  0%| F|  |TAMS 0x0000000092b00000, 0x0000000092b00000| Untracked 
| 268|0x0000000092c00000, 0x0000000092c00000, 0x0000000092d00000|  0%| F|  |TAMS 0x0000000092c00000, 0x0000000092c00000| Untracked 
| 269|0x0000000092d00000, 0x0000000092d00000, 0x0000000092e00000|  0%| F|  |TAMS 0x0000000092d00000, 0x0000000092d00000| Untracked 
| 270|0x0000000092e00000, 0x0000000092e00000, 0x0000000092f00000|  0%| F|  |TAMS 0x0000000092e00000, 0x0000000092e00000| Untracked 
| 271|0x0000000092f00000, 0x0000000092f00000, 0x0000000093000000|  0%| F|  |TAMS 0x0000000092f00000, 0x0000000092f00000| Untracked 
| 272|0x0000000093000000, 0x0000000093000000, 0x0000000093100000|  0%| F|  |TAMS 0x0000000093000000, 0x0000000093000000| Untracked 
| 273|0x0000000093100000, 0x0000000093100000, 0x0000000093200000|  0%| F|  |TAMS 0x0000000093100000, 0x0000000093100000| Untracked 
| 274|0x0000000093200000, 0x0000000093200000, 0x0000000093300000|  0%| F|  |TAMS 0x0000000093200000, 0x0000000093200000| Untracked 
| 275|0x0000000093300000, 0x0000000093300000, 0x0000000093400000|  0%| F|  |TAMS 0x0000000093300000, 0x0000000093300000| Untracked 
| 276|0x0000000093400000, 0x0000000093400000, 0x0000000093500000|  0%| F|  |TAMS 0x0000000093400000, 0x0000000093400000| Untracked 
| 277|0x0000000093500000, 0x0000000093500000, 0x0000000093600000|  0%| F|  |TAMS 0x0000000093500000, 0x0000000093500000| Untracked 
| 278|0x0000000093600000, 0x0000000093600000, 0x0000000093700000|  0%| F|  |TAMS 0x0000000093600000, 0x0000000093600000| Untracked 
| 279|0x0000000093700000, 0x0000000093700000, 0x0000000093800000|  0%| F|  |TAMS 0x0000000093700000, 0x0000000093700000| Untracked 
| 280|0x0000000093800000, 0x0000000093800000, 0x0000000093900000|  0%| F|  |TAMS 0x0000000093800000, 0x0000000093800000| Untracked 
| 281|0x0000000093900000, 0x0000000093900000, 0x0000000093a00000|  0%| F|  |TAMS 0x0000000093900000, 0x0000000093900000| Untracked 
| 282|0x0000000093a00000, 0x0000000093a00000, 0x0000000093b00000|  0%| F|  |TAMS 0x0000000093a00000, 0x0000000093a00000| Untracked 
| 283|0x0000000093b00000, 0x0000000093b00000, 0x0000000093c00000|  0%| F|  |TAMS 0x0000000093b00000, 0x0000000093b00000| Untracked 
| 284|0x0000000093c00000, 0x0000000093c00000, 0x0000000093d00000|  0%| F|  |TAMS 0x0000000093c00000, 0x0000000093c00000| Untracked 
| 285|0x0000000093d00000, 0x0000000093d00000, 0x0000000093e00000|  0%| F|  |TAMS 0x0000000093d00000, 0x0000000093d00000| Untracked 
| 286|0x0000000093e00000, 0x0000000093e00000, 0x0000000093f00000|  0%| F|  |TAMS 0x0000000093e00000, 0x0000000093e00000| Untracked 
| 287|0x0000000093f00000, 0x0000000093f00000, 0x0000000094000000|  0%| F|  |TAMS 0x0000000093f00000, 0x0000000093f00000| Untracked 
| 288|0x0000000094000000, 0x0000000094000000, 0x0000000094100000|  0%| F|  |TAMS 0x0000000094000000, 0x0000000094000000| Untracked 
| 289|0x0000000094100000, 0x0000000094100000, 0x0000000094200000|  0%| F|  |TAMS 0x0000000094100000, 0x0000000094100000| Untracked 
| 290|0x0000000094200000, 0x0000000094200000, 0x0000000094300000|  0%| F|  |TAMS 0x0000000094200000, 0x0000000094200000| Untracked 
| 291|0x0000000094300000, 0x0000000094300000, 0x0000000094400000|  0%| F|  |TAMS 0x0000000094300000, 0x0000000094300000| Untracked 
| 292|0x0000000094400000, 0x0000000094400000, 0x0000000094500000|  0%| F|  |TAMS 0x0000000094400000, 0x0000000094400000| Untracked 
| 293|0x0000000094500000, 0x0000000094500000, 0x0000000094600000|  0%| F|  |TAMS 0x0000000094500000, 0x0000000094500000| Untracked 
| 294|0x0000000094600000, 0x0000000094600000, 0x0000000094700000|  0%| F|  |TAMS 0x0000000094600000, 0x0000000094600000| Untracked 
| 295|0x0000000094700000, 0x0000000094700000, 0x0000000094800000|  0%| F|  |TAMS 0x0000000094700000, 0x0000000094700000| Untracked 
| 296|0x0000000094800000, 0x0000000094800000, 0x0000000094900000|  0%| F|  |TAMS 0x0000000094800000, 0x0000000094800000| Untracked 
| 297|0x0000000094900000, 0x0000000094900000, 0x0000000094a00000|  0%| F|  |TAMS 0x0000000094900000, 0x0000000094900000| Untracked 
| 298|0x0000000094a00000, 0x0000000094a00000, 0x0000000094b00000|  0%| F|  |TAMS 0x0000000094a00000, 0x0000000094a00000| Untracked 
| 299|0x0000000094b00000, 0x0000000094b00000, 0x0000000094c00000|  0%| F|  |TAMS 0x0000000094b00000, 0x0000000094b00000| Untracked 
| 300|0x0000000094c00000, 0x0000000094c00000, 0x0000000094d00000|  0%| F|  |TAMS 0x0000000094c00000, 0x0000000094c00000| Untracked 
| 301|0x0000000094d00000, 0x0000000094d00000, 0x0000000094e00000|  0%| F|  |TAMS 0x0000000094d00000, 0x0000000094d00000| Untracked 
| 302|0x0000000094e00000, 0x0000000094e00000, 0x0000000094f00000|  0%| F|  |TAMS 0x0000000094e00000, 0x0000000094e00000| Untracked 
| 303|0x0000000094f00000, 0x0000000094f00000, 0x0000000095000000|  0%| F|  |TAMS 0x0000000094f00000, 0x0000000094f00000| Untracked 
| 304|0x0000000095000000, 0x0000000095000000, 0x0000000095100000|  0%| F|  |TAMS 0x0000000095000000, 0x0000000095000000| Untracked 
| 305|0x0000000095100000, 0x0000000095100000, 0x0000000095200000|  0%| F|  |TAMS 0x0000000095100000, 0x0000000095100000| Untracked 
| 306|0x0000000095200000, 0x0000000095200000, 0x0000000095300000|  0%| F|  |TAMS 0x0000000095200000, 0x0000000095200000| Untracked 
| 307|0x0000000095300000, 0x0000000095300000, 0x0000000095400000|  0%| F|  |TAMS 0x0000000095300000, 0x0000000095300000| Untracked 
| 308|0x0000000095400000, 0x0000000095400000, 0x0000000095500000|  0%| F|  |TAMS 0x0000000095400000, 0x0000000095400000| Untracked 
| 309|0x0000000095500000, 0x0000000095500000, 0x0000000095600000|  0%| F|  |TAMS 0x0000000095500000, 0x0000000095500000| Untracked 
| 310|0x0000000095600000, 0x0000000095600000, 0x0000000095700000|  0%| F|  |TAMS 0x0000000095600000, 0x0000000095600000| Untracked 
| 311|0x0000000095700000, 0x0000000095700000, 0x0000000095800000|  0%| F|  |TAMS 0x0000000095700000, 0x0000000095700000| Untracked 
| 312|0x0000000095800000, 0x0000000095800000, 0x0000000095900000|  0%| F|  |TAMS 0x0000000095800000, 0x0000000095800000| Untracked 
| 313|0x0000000095900000, 0x0000000095900000, 0x0000000095a00000|  0%| F|  |TAMS 0x0000000095900000, 0x0000000095900000| Untracked 
| 314|0x0000000095a00000, 0x0000000095a00000, 0x0000000095b00000|  0%| F|  |TAMS 0x0000000095a00000, 0x0000000095a00000| Untracked 
| 315|0x0000000095b00000, 0x0000000095b00000, 0x0000000095c00000|  0%| F|  |TAMS 0x0000000095b00000, 0x0000000095b00000| Untracked 
| 316|0x0000000095c00000, 0x0000000095c00000, 0x0000000095d00000|  0%| F|  |TAMS 0x0000000095c00000, 0x0000000095c00000| Untracked 
| 317|0x0000000095d00000, 0x0000000095d00000, 0x0000000095e00000|  0%| F|  |TAMS 0x0000000095d00000, 0x0000000095d00000| Untracked 
| 318|0x0000000095e00000, 0x0000000095e00000, 0x0000000095f00000|  0%| F|  |TAMS 0x0000000095e00000, 0x0000000095e00000| Untracked 
| 319|0x0000000095f00000, 0x0000000095f00000, 0x0000000096000000|  0%| F|  |TAMS 0x0000000095f00000, 0x0000000095f00000| Untracked 
| 320|0x0000000096000000, 0x0000000096000800, 0x0000000096100000|  0%| E|  |TAMS 0x0000000096000000, 0x0000000096000000| Complete 
| 321|0x0000000096100000, 0x0000000096200000, 0x0000000096200000|100%| E|CS|TAMS 0x0000000096100000, 0x0000000096100000| Complete 
| 322|0x0000000096200000, 0x0000000096300000, 0x0000000096300000|100%| E|CS|TAMS 0x0000000096200000, 0x0000000096200000| Complete 
| 323|0x0000000096300000, 0x0000000096400000, 0x0000000096400000|100%| E|CS|TAMS 0x0000000096300000, 0x0000000096300000| Complete 
| 324|0x0000000096400000, 0x0000000096500000, 0x0000000096500000|100%| E|CS|TAMS 0x0000000096400000, 0x0000000096400000| Complete 
| 325|0x0000000096500000, 0x0000000096600000, 0x0000000096600000|100%| E|CS|TAMS 0x0000000096500000, 0x0000000096500000| Complete 
| 326|0x0000000096600000, 0x0000000096700000, 0x0000000096700000|100%| E|CS|TAMS 0x0000000096600000, 0x0000000096600000| Complete 
| 327|0x0000000096700000, 0x0000000096800000, 0x0000000096800000|100%| E|CS|TAMS 0x0000000096700000, 0x0000000096700000| Complete 
| 328|0x0000000096800000, 0x0000000096900000, 0x0000000096900000|100%| E|CS|TAMS 0x0000000096800000, 0x0000000096800000| Complete 
| 329|0x0000000096900000, 0x0000000096a00000, 0x0000000096a00000|100%| E|CS|TAMS 0x0000000096900000, 0x0000000096900000| Complete 
| 330|0x0000000096a00000, 0x0000000096b00000, 0x0000000096b00000|100%| E|CS|TAMS 0x0000000096a00000, 0x0000000096a00000| Complete 
| 331|0x0000000096b00000, 0x0000000096c00000, 0x0000000096c00000|100%| E|CS|TAMS 0x0000000096b00000, 0x0000000096b00000| Complete 
| 332|0x0000000096c00000, 0x0000000096d00000, 0x0000000096d00000|100%| E|CS|TAMS 0x0000000096c00000, 0x0000000096c00000| Complete 
| 333|0x0000000096d00000, 0x0000000096e00000, 0x0000000096e00000|100%| E|CS|TAMS 0x0000000096d00000, 0x0000000096d00000| Complete 
| 334|0x0000000096e00000, 0x0000000096f00000, 0x0000000096f00000|100%| E|CS|TAMS 0x0000000096e00000, 0x0000000096e00000| Complete 
| 335|0x0000000096f00000, 0x0000000097000000, 0x0000000097000000|100%| E|CS|TAMS 0x0000000096f00000, 0x0000000096f00000| Complete 
| 336|0x0000000097000000, 0x0000000097100000, 0x0000000097100000|100%| E|CS|TAMS 0x0000000097000000, 0x0000000097000000| Complete 
| 337|0x0000000097100000, 0x0000000097200000, 0x0000000097200000|100%| E|CS|TAMS 0x0000000097100000, 0x0000000097100000| Complete 
| 338|0x0000000097200000, 0x0000000097300000, 0x0000000097300000|100%| E|CS|TAMS 0x0000000097200000, 0x0000000097200000| Complete 
| 339|0x0000000097300000, 0x0000000097400000, 0x0000000097400000|100%| E|CS|TAMS 0x0000000097300000, 0x0000000097300000| Complete 
| 340|0x0000000097400000, 0x0000000097500000, 0x0000000097500000|100%| E|CS|TAMS 0x0000000097400000, 0x0000000097400000| Complete 
| 341|0x0000000097500000, 0x0000000097600000, 0x0000000097600000|100%| E|CS|TAMS 0x0000000097500000, 0x0000000097500000| Complete 
| 342|0x0000000097600000, 0x0000000097700000, 0x0000000097700000|100%| E|CS|TAMS 0x0000000097600000, 0x0000000097600000| Complete 
| 343|0x0000000097700000, 0x0000000097800000, 0x0000000097800000|100%| E|CS|TAMS 0x0000000097700000, 0x0000000097700000| Complete 
| 344|0x0000000097800000, 0x0000000097900000, 0x0000000097900000|100%| E|CS|TAMS 0x0000000097800000, 0x0000000097800000| Complete 
| 345|0x0000000097900000, 0x0000000097a00000, 0x0000000097a00000|100%| E|CS|TAMS 0x0000000097900000, 0x0000000097900000| Complete 
| 346|0x0000000097a00000, 0x0000000097b00000, 0x0000000097b00000|100%| E|CS|TAMS 0x0000000097a00000, 0x0000000097a00000| Complete 
| 347|0x0000000097b00000, 0x0000000097c00000, 0x0000000097c00000|100%| E|CS|TAMS 0x0000000097b00000, 0x0000000097b00000| Complete 
| 348|0x0000000097c00000, 0x0000000097d00000, 0x0000000097d00000|100%| E|CS|TAMS 0x0000000097c00000, 0x0000000097c00000| Complete 
| 349|0x0000000097d00000, 0x0000000097e00000, 0x0000000097e00000|100%| E|CS|TAMS 0x0000000097d00000, 0x0000000097d00000| Complete 
| 350|0x0000000097e00000, 0x0000000097f00000, 0x0000000097f00000|100%| E|CS|TAMS 0x0000000097e00000, 0x0000000097e00000| Complete 
| 351|0x0000000097f00000, 0x0000000098000000, 0x0000000098000000|100%| E|CS|TAMS 0x0000000097f00000, 0x0000000097f00000| Complete 
| 352|0x0000000098000000, 0x0000000098100000, 0x0000000098100000|100%| E|CS|TAMS 0x0000000098000000, 0x0000000098000000| Complete 
| 353|0x0000000098100000, 0x0000000098200000, 0x0000000098200000|100%| E|CS|TAMS 0x0000000098100000, 0x0000000098100000| Complete 
| 354|0x0000000098200000, 0x0000000098300000, 0x0000000098300000|100%| E|CS|TAMS 0x0000000098200000, 0x0000000098200000| Complete 
| 355|0x0000000098300000, 0x0000000098400000, 0x0000000098400000|100%| E|CS|TAMS 0x0000000098300000, 0x0000000098300000| Complete 
| 356|0x0000000098400000, 0x0000000098500000, 0x0000000098500000|100%| E|CS|TAMS 0x0000000098400000, 0x0000000098400000| Complete 
| 357|0x0000000098500000, 0x0000000098600000, 0x0000000098600000|100%| E|CS|TAMS 0x0000000098500000, 0x0000000098500000| Complete 
| 358|0x0000000098600000, 0x0000000098700000, 0x0000000098700000|100%| E|CS|TAMS 0x0000000098600000, 0x0000000098600000| Complete 
| 359|0x0000000098700000, 0x0000000098800000, 0x0000000098800000|100%| E|CS|TAMS 0x0000000098700000, 0x0000000098700000| Complete 
| 360|0x0000000098800000, 0x0000000098900000, 0x0000000098900000|100%| E|CS|TAMS 0x0000000098800000, 0x0000000098800000| Complete 
| 361|0x0000000098900000, 0x0000000098a00000, 0x0000000098a00000|100%| E|CS|TAMS 0x0000000098900000, 0x0000000098900000| Complete 
| 362|0x0000000098a00000, 0x0000000098b00000, 0x0000000098b00000|100%| E|CS|TAMS 0x0000000098a00000, 0x0000000098a00000| Complete 
| 363|0x0000000098b00000, 0x0000000098c00000, 0x0000000098c00000|100%| E|CS|TAMS 0x0000000098b00000, 0x0000000098b00000| Complete 
| 364|0x0000000098c00000, 0x0000000098d00000, 0x0000000098d00000|100%| E|CS|TAMS 0x0000000098c00000, 0x0000000098c00000| Complete 
| 365|0x0000000098d00000, 0x0000000098e00000, 0x0000000098e00000|100%| E|CS|TAMS 0x0000000098d00000, 0x0000000098d00000| Complete 
| 366|0x0000000098e00000, 0x0000000098f00000, 0x0000000098f00000|100%| E|CS|TAMS 0x0000000098e00000, 0x0000000098e00000| Complete 
| 367|0x0000000098f00000, 0x0000000099000000, 0x0000000099000000|100%| E|CS|TAMS 0x0000000098f00000, 0x0000000098f00000| Complete 
| 368|0x0000000099000000, 0x0000000099100000, 0x0000000099100000|100%| E|CS|TAMS 0x0000000099000000, 0x0000000099000000| Complete 
| 369|0x0000000099100000, 0x0000000099200000, 0x0000000099200000|100%| E|CS|TAMS 0x0000000099100000, 0x0000000099100000| Complete 
| 370|0x0000000099200000, 0x0000000099300000, 0x0000000099300000|100%| E|CS|TAMS 0x0000000099200000, 0x0000000099200000| Complete 
| 371|0x0000000099300000, 0x0000000099400000, 0x0000000099400000|100%| E|CS|TAMS 0x0000000099300000, 0x0000000099300000| Complete 
| 372|0x0000000099400000, 0x0000000099500000, 0x0000000099500000|100%| E|CS|TAMS 0x0000000099400000, 0x0000000099400000| Complete 
| 373|0x0000000099500000, 0x0000000099600000, 0x0000000099600000|100%| E|CS|TAMS 0x0000000099500000, 0x0000000099500000| Complete 
| 374|0x0000000099600000, 0x0000000099700000, 0x0000000099700000|100%| E|CS|TAMS 0x0000000099600000, 0x0000000099600000| Complete 
| 375|0x0000000099700000, 0x0000000099800000, 0x0000000099800000|100%| E|CS|TAMS 0x0000000099700000, 0x0000000099700000| Complete 
| 376|0x0000000099800000, 0x0000000099900000, 0x0000000099900000|100%| E|CS|TAMS 0x0000000099800000, 0x0000000099800000| Complete 
| 377|0x0000000099900000, 0x0000000099a00000, 0x0000000099a00000|100%| E|CS|TAMS 0x0000000099900000, 0x0000000099900000| Complete 
| 378|0x0000000099a00000, 0x0000000099b00000, 0x0000000099b00000|100%| E|CS|TAMS 0x0000000099a00000, 0x0000000099a00000| Complete 
| 379|0x0000000099b00000, 0x0000000099c00000, 0x0000000099c00000|100%| E|CS|TAMS 0x0000000099b00000, 0x0000000099b00000| Complete 
| 380|0x0000000099c00000, 0x0000000099d00000, 0x0000000099d00000|100%| E|CS|TAMS 0x0000000099c00000, 0x0000000099c00000| Complete 
| 381|0x0000000099d00000, 0x0000000099e00000, 0x0000000099e00000|100%| E|CS|TAMS 0x0000000099d00000, 0x0000000099d00000| Complete 
| 382|0x0000000099e00000, 0x0000000099f00000, 0x0000000099f00000|100%| E|CS|TAMS 0x0000000099e00000, 0x0000000099e00000| Complete 
| 383|0x0000000099f00000, 0x000000009a000000, 0x000000009a000000|100%| E|CS|TAMS 0x0000000099f00000, 0x0000000099f00000| Complete 
| 384|0x000000009a000000, 0x000000009a100000, 0x000000009a100000|100%| E|CS|TAMS 0x000000009a000000, 0x000000009a000000| Complete 
| 385|0x000000009a100000, 0x000000009a200000, 0x000000009a200000|100%| E|CS|TAMS 0x000000009a100000, 0x000000009a100000| Complete 
| 386|0x000000009a200000, 0x000000009a300000, 0x000000009a300000|100%| E|CS|TAMS 0x000000009a200000, 0x000000009a200000| Complete 
| 387|0x000000009a300000, 0x000000009a400000, 0x000000009a400000|100%| E|CS|TAMS 0x000000009a300000, 0x000000009a300000| Complete 
| 388|0x000000009a400000, 0x000000009a500000, 0x000000009a500000|100%| E|CS|TAMS 0x000000009a400000, 0x000000009a400000| Complete 
| 389|0x000000009a500000, 0x000000009a600000, 0x000000009a600000|100%| E|CS|TAMS 0x000000009a500000, 0x000000009a500000| Complete 
| 390|0x000000009a600000, 0x000000009a700000, 0x000000009a700000|100%| E|CS|TAMS 0x000000009a600000, 0x000000009a600000| Complete 
| 391|0x000000009a700000, 0x000000009a800000, 0x000000009a800000|100%| E|CS|TAMS 0x000000009a700000, 0x000000009a700000| Complete 
| 392|0x000000009a800000, 0x000000009a900000, 0x000000009a900000|100%| E|CS|TAMS 0x000000009a800000, 0x000000009a800000| Complete 
| 393|0x000000009a900000, 0x000000009aa00000, 0x000000009aa00000|100%| E|CS|TAMS 0x000000009a900000, 0x000000009a900000| Complete 
| 394|0x000000009aa00000, 0x000000009ab00000, 0x000000009ab00000|100%| E|CS|TAMS 0x000000009aa00000, 0x000000009aa00000| Complete 
| 395|0x000000009ab00000, 0x000000009ac00000, 0x000000009ac00000|100%| E|CS|TAMS 0x000000009ab00000, 0x000000009ab00000| Complete 
| 396|0x000000009ac00000, 0x000000009ad00000, 0x000000009ad00000|100%| E|CS|TAMS 0x000000009ac00000, 0x000000009ac00000| Complete 
| 397|0x000000009ad00000, 0x000000009ae00000, 0x000000009ae00000|100%| E|CS|TAMS 0x000000009ad00000, 0x000000009ad00000| Complete 
| 398|0x000000009ae00000, 0x000000009af00000, 0x000000009af00000|100%| E|CS|TAMS 0x000000009ae00000, 0x000000009ae00000| Complete 
| 399|0x000000009af00000, 0x000000009b000000, 0x000000009b000000|100%| E|CS|TAMS 0x000000009af00000, 0x000000009af00000| Complete 
| 400|0x000000009b000000, 0x000000009b100000, 0x000000009b100000|100%| E|CS|TAMS 0x000000009b000000, 0x000000009b000000| Complete 
| 401|0x000000009b100000, 0x000000009b200000, 0x000000009b200000|100%| E|CS|TAMS 0x000000009b100000, 0x000000009b100000| Complete 
| 402|0x000000009b200000, 0x000000009b300000, 0x000000009b300000|100%| E|CS|TAMS 0x000000009b200000, 0x000000009b200000| Complete 
| 403|0x000000009b300000, 0x000000009b400000, 0x000000009b400000|100%| E|CS|TAMS 0x000000009b300000, 0x000000009b300000| Complete 
| 404|0x000000009b400000, 0x000000009b500000, 0x000000009b500000|100%| E|CS|TAMS 0x000000009b400000, 0x000000009b400000| Complete 
| 405|0x000000009b500000, 0x000000009b600000, 0x000000009b600000|100%| E|CS|TAMS 0x000000009b500000, 0x000000009b500000| Complete 
| 406|0x000000009b600000, 0x000000009b700000, 0x000000009b700000|100%| E|CS|TAMS 0x000000009b600000, 0x000000009b600000| Complete 
| 407|0x000000009b700000, 0x000000009b800000, 0x000000009b800000|100%| E|CS|TAMS 0x000000009b700000, 0x000000009b700000| Complete 
| 408|0x000000009b800000, 0x000000009b900000, 0x000000009b900000|100%| E|CS|TAMS 0x000000009b800000, 0x000000009b800000| Complete 
| 409|0x000000009b900000, 0x000000009ba00000, 0x000000009ba00000|100%| E|CS|TAMS 0x000000009b900000, 0x000000009b900000| Complete 
| 410|0x000000009ba00000, 0x000000009bb00000, 0x000000009bb00000|100%| E|CS|TAMS 0x000000009ba00000, 0x000000009ba00000| Complete 
| 411|0x000000009bb00000, 0x000000009bc00000, 0x000000009bc00000|100%| E|CS|TAMS 0x000000009bb00000, 0x000000009bb00000| Complete 
| 412|0x000000009bc00000, 0x000000009bd00000, 0x000000009bd00000|100%| E|CS|TAMS 0x000000009bc00000, 0x000000009bc00000| Complete 
| 413|0x000000009bd00000, 0x000000009be00000, 0x000000009be00000|100%| E|CS|TAMS 0x000000009bd00000, 0x000000009bd00000| Complete 
| 414|0x000000009be00000, 0x000000009bf00000, 0x000000009bf00000|100%| E|CS|TAMS 0x000000009be00000, 0x000000009be00000| Complete 
| 415|0x000000009bf00000, 0x000000009c000000, 0x000000009c000000|100%| E|CS|TAMS 0x000000009bf00000, 0x000000009bf00000| Complete 
| 416|0x000000009c000000, 0x000000009c100000, 0x000000009c100000|100%| E|CS|TAMS 0x000000009c000000, 0x000000009c000000| Complete 
| 417|0x000000009c100000, 0x000000009c200000, 0x000000009c200000|100%| E|CS|TAMS 0x000000009c100000, 0x000000009c100000| Complete 
| 418|0x000000009c200000, 0x000000009c300000, 0x000000009c300000|100%| E|CS|TAMS 0x000000009c200000, 0x000000009c200000| Complete 
| 419|0x000000009c300000, 0x000000009c400000, 0x000000009c400000|100%| E|CS|TAMS 0x000000009c300000, 0x000000009c300000| Complete 
| 420|0x000000009c400000, 0x000000009c500000, 0x000000009c500000|100%| E|CS|TAMS 0x000000009c400000, 0x000000009c400000| Complete 
| 421|0x000000009c500000, 0x000000009c600000, 0x000000009c600000|100%| E|CS|TAMS 0x000000009c500000, 0x000000009c500000| Complete 
| 422|0x000000009c600000, 0x000000009c700000, 0x000000009c700000|100%| E|CS|TAMS 0x000000009c600000, 0x000000009c600000| Complete 
| 423|0x000000009c700000, 0x000000009c800000, 0x000000009c800000|100%| E|CS|TAMS 0x000000009c700000, 0x000000009c700000| Complete 
| 424|0x000000009c800000, 0x000000009c900000, 0x000000009c900000|100%| E|CS|TAMS 0x000000009c800000, 0x000000009c800000| Complete 
| 425|0x000000009c900000, 0x000000009ca00000, 0x000000009ca00000|100%| E|CS|TAMS 0x000000009c900000, 0x000000009c900000| Complete 
| 426|0x000000009ca00000, 0x000000009cb00000, 0x000000009cb00000|100%| E|CS|TAMS 0x000000009ca00000, 0x000000009ca00000| Complete 
| 427|0x000000009cb00000, 0x000000009cc00000, 0x000000009cc00000|100%| E|CS|TAMS 0x000000009cb00000, 0x000000009cb00000| Complete 
| 428|0x000000009cc00000, 0x000000009cd00000, 0x000000009cd00000|100%| E|CS|TAMS 0x000000009cc00000, 0x000000009cc00000| Complete 
| 429|0x000000009cd00000, 0x000000009ce00000, 0x000000009ce00000|100%| E|CS|TAMS 0x000000009cd00000, 0x000000009cd00000| Complete 
| 430|0x000000009ce00000, 0x000000009cf00000, 0x000000009cf00000|100%| E|CS|TAMS 0x000000009ce00000, 0x000000009ce00000| Complete 
| 431|0x000000009cf00000, 0x000000009d000000, 0x000000009d000000|100%| E|CS|TAMS 0x000000009cf00000, 0x000000009cf00000| Complete 
| 432|0x000000009d000000, 0x000000009d100000, 0x000000009d100000|100%| E|CS|TAMS 0x000000009d000000, 0x000000009d000000| Complete 
| 433|0x000000009d100000, 0x000000009d200000, 0x000000009d200000|100%| E|CS|TAMS 0x000000009d100000, 0x000000009d100000| Complete 
| 434|0x000000009d200000, 0x000000009d300000, 0x000000009d300000|100%| E|CS|TAMS 0x000000009d200000, 0x000000009d200000| Complete 
| 435|0x000000009d300000, 0x000000009d400000, 0x000000009d400000|100%| E|CS|TAMS 0x000000009d300000, 0x000000009d300000| Complete 
| 436|0x000000009d400000, 0x000000009d500000, 0x000000009d500000|100%| E|CS|TAMS 0x000000009d400000, 0x000000009d400000| Complete 
| 437|0x000000009d500000, 0x000000009d600000, 0x000000009d600000|100%| E|CS|TAMS 0x000000009d500000, 0x000000009d500000| Complete 
| 438|0x000000009d600000, 0x000000009d700000, 0x000000009d700000|100%| E|CS|TAMS 0x000000009d600000, 0x000000009d600000| Complete 
| 439|0x000000009d700000, 0x000000009d800000, 0x000000009d800000|100%| E|CS|TAMS 0x000000009d700000, 0x000000009d700000| Complete 
| 440|0x000000009d800000, 0x000000009d900000, 0x000000009d900000|100%| E|CS|TAMS 0x000000009d800000, 0x000000009d800000| Complete 
| 441|0x000000009d900000, 0x000000009da00000, 0x000000009da00000|100%| E|CS|TAMS 0x000000009d900000, 0x000000009d900000| Complete 
| 442|0x000000009da00000, 0x000000009db00000, 0x000000009db00000|100%| E|CS|TAMS 0x000000009da00000, 0x000000009da00000| Complete 
| 443|0x000000009db00000, 0x000000009dc00000, 0x000000009dc00000|100%| E|CS|TAMS 0x000000009db00000, 0x000000009db00000| Complete 
| 444|0x000000009dc00000, 0x000000009dd00000, 0x000000009dd00000|100%| E|CS|TAMS 0x000000009dc00000, 0x000000009dc00000| Complete 
| 445|0x000000009dd00000, 0x000000009de00000, 0x000000009de00000|100%| E|CS|TAMS 0x000000009dd00000, 0x000000009dd00000| Complete 
| 446|0x000000009de00000, 0x000000009df00000, 0x000000009df00000|100%| E|CS|TAMS 0x000000009de00000, 0x000000009de00000| Complete 
| 447|0x000000009df00000, 0x000000009e000000, 0x000000009e000000|100%| E|CS|TAMS 0x000000009df00000, 0x000000009df00000| Complete 
| 448|0x000000009e000000, 0x000000009e100000, 0x000000009e100000|100%| E|CS|TAMS 0x000000009e000000, 0x000000009e000000| Complete 
| 449|0x000000009e100000, 0x000000009e200000, 0x000000009e200000|100%| E|CS|TAMS 0x000000009e100000, 0x000000009e100000| Complete 

Card table byte_map: [0x000002c94fd10000,0x000002c950100000] _byte_map_base: 0x000002c94f900000

Marking Bits (Prev, Next): (CMBitMap*) 0x000002c938227828, (CMBitMap*) 0x000002c938227868
 Prev Bits: [0x000002c9504f0000, 0x000002c952470000)
 Next Bits: [0x000002c952470000, 0x000002c9543f0000)

Polling page: 0x000002c9360a0000

Metaspace:

Usage:
  Non-class:     41.77 MB capacity,    40.35 MB ( 97%) used,     1.30 MB (  3%) free+waste,   116.94 KB ( <1%) overhead. 
      Class:      6.63 MB capacity,     5.41 MB ( 82%) used,     1.16 MB ( 18%) free+waste,    56.44 KB ( <1%) overhead. 
       Both:     48.40 MB capacity,    45.76 MB ( 95%) used,     2.46 MB (  5%) free+waste,   173.38 KB ( <1%) overhead. 

Virtual space:
  Non-class space:       42.00 MB reserved,      41.92 MB (>99%) committed 
      Class space:        1.00 GB reserved,       6.75 MB ( <1%) committed 
             Both:        1.04 GB reserved,      48.67 MB (  5%) committed 

Chunk freelists:
   Non-Class:  3.75 KB
       Class:  3.63 KB
        Both:  7.38 KB

CodeHeap 'non-profiled nmethods': size=120000Kb used=5885Kb max_used=6253Kb free=114115Kb
 bounds [0x000002c9480c0000, 0x000002c9486e0000, 0x000002c94f5f0000]
CodeHeap 'profiled nmethods': size=120000Kb used=16223Kb max_used=18074Kb free=103776Kb
 bounds [0x000002c940b90000, 0x000002c941d60000, 0x000002c9480c0000]
CodeHeap 'non-nmethods': size=5760Kb used=1394Kb max_used=1457Kb free=4365Kb
 bounds [0x000002c9405f0000, 0x000002c940860000, 0x000002c940b90000]
 total_blobs=13003 nmethods=7658 adapters=740
 compilation: enabled
              stopped_count=0, restarted_count=0
 full_count=0

Compilation events (10 events):
Event: 13.399 Thread 0x000002c95770c000 nmethod 9675 0x000002c940d8bf10 code [0x000002c940d8c100, 0x000002c940d8c7b0]
Event: 13.401 Thread 0x000002c95770c000 9676       3       javax.swing.SwingUtilities::getValidateRoot (98 bytes)
Event: 13.403 Thread 0x000002c95770c000 nmethod 9676 0x000002c941006590 code [0x000002c941006800, 0x000002c941007620]
Event: 13.404 Thread 0x000002c95b84b000 nmethod 9665 0x000002c94825a190 code [0x000002c94825a3a0, 0x000002c94825b078]
Event: 13.404 Thread 0x000002c95770c000 9677   !   3       sun.java2d.SunGraphics2D::drawString (130 bytes)
Event: 13.405 Thread 0x000002c95770c000 nmethod 9677 0x000002c941033890 code [0x000002c941033b40, 0x000002c941034730]
Event: 13.405 Thread 0x000002c95770c000 9678       3       javax.swing.JViewport::reshape (65 bytes)
Event: 13.405 Thread 0x000002c95770c000 nmethod 9678 0x000002c940dc4a10 code [0x000002c940dc4c00, 0x000002c940dc5280]
Event: 13.416 Thread 0x000002c957704800 nmethod 9671 0x000002c9482ac310 code [0x000002c9482ac580, 0x000002c9482adcc0]
Event: 13.429 Thread 0x000002c95b70d800 nmethod 9673 0x000002c94832a710 code [0x000002c94832aa00, 0x000002c94832c2d0]

GC Heap History (10 events):
Event: 8.089 GC heap before
{Heap before GC invocations=41 (full 0):
 garbage-first heap   total 393216K, used 288710K [0x0000000082000000, 0x0000000100000000)
  region size 1024K, 230 young (235520K), 15 survivors (15360K)
 Metaspace       used 41584K, capacity 44363K, committed 44592K, reserved 1087488K
  class space    used 4985K, capacity 6153K, committed 6272K, reserved 1048576K
}
Event: 8.101 GC heap after
{Heap after GC invocations=42 (full 0):
 garbage-first heap   total 393216K, used 76035K [0x0000000082000000, 0x0000000100000000)
  region size 1024K, 24 young (24576K), 24 survivors (24576K)
 Metaspace       used 41584K, capacity 44363K, committed 44592K, reserved 1087488K
  class space    used 4985K, capacity 6153K, committed 6272K, reserved 1048576K
}
Event: 8.765 GC heap before
{Heap before GC invocations=42 (full 0):
 garbage-first heap   total 393216K, used 291075K [0x0000000082000000, 0x0000000100000000)
  region size 1024K, 230 young (235520K), 24 survivors (24576K)
 Metaspace       used 44100K, capacity 46782K, committed 47024K, reserved 1089536K
  class space    used 5361K, capacity 6551K, committed 6656K, reserved 1048576K
}
Event: 8.776 GC heap after
{Heap after GC invocations=43 (full 0):
 garbage-first heap   total 460800K, used 79788K [0x0000000082000000, 0x0000000100000000)
  region size 1024K, 20 young (20480K), 20 survivors (20480K)
 Metaspace       used 44100K, capacity 46782K, committed 47024K, reserved 1089536K
  class space    used 5361K, capacity 6551K, committed 6656K, reserved 1048576K
}
Event: 9.305 GC heap before
{Heap before GC invocations=43 (full 0):
 garbage-first heap   total 460800K, used 336812K [0x0000000082000000, 0x0000000100000000)
  region size 1024K, 270 young (276480K), 20 survivors (20480K)
 Metaspace       used 44686K, capacity 47390K, committed 47536K, reserved 1089536K
  class space    used 5405K, capacity 6647K, committed 6656K, reserved 1048576K
}
Event: 9.325 GC heap after
{Heap after GC invocations=44 (full 0):
 garbage-first heap   total 460800K, used 97591K [0x0000000082000000, 0x0000000100000000)
  region size 1024K, 34 young (34816K), 34 survivors (34816K)
 Metaspace       used 44686K, capacity 47390K, committed 47536K, reserved 1089536K
  class space    used 5405K, capacity 6647K, committed 6656K, reserved 1048576K
}
Event: 9.554 GC heap before
{Heap before GC invocations=44 (full 0):
 garbage-first heap   total 460800K, used 384311K [0x0000000082000000, 0x0000000100000000)
  region size 1024K, 270 young (276480K), 34 survivors (34816K)
 Metaspace       used 44742K, capacity 47454K, committed 47536K, reserved 1089536K
  class space    used 5406K, capacity 6647K, committed 6656K, reserved 1048576K
}
Event: 9.571 GC heap after
{Heap after GC invocations=45 (full 0):
 garbage-first heap   total 460800K, used 124334K [0x0000000082000000, 0x0000000100000000)
  region size 1024K, 20 young (20480K), 20 survivors (20480K)
 Metaspace       used 44742K, capacity 47454K, committed 47536K, reserved 1089536K
  class space    used 5406K, capacity 6647K, committed 6656K, reserved 1048576K
}
Event: 10.121 GC heap before
{Heap before GC invocations=45 (full 0):
 garbage-first heap   total 460800K, used 375214K [0x0000000082000000, 0x0000000100000000)
  region size 1024K, 260 young (266240K), 20 survivors (20480K)
 Metaspace       used 46099K, capacity 48789K, committed 48944K, reserved 1091584K
  class space    used 5490K, capacity 6723K, committed 6784K, reserved 1048576K
}
Event: 10.142 GC heap after
{Heap after GC invocations=46 (full 0):
 garbage-first heap   total 460800K, used 156621K [0x0000000082000000, 0x0000000100000000)
  region size 1024K, 33 young (33792K), 33 survivors (33792K)
 Metaspace       used 46099K, capacity 48789K, committed 48944K, reserved 1091584K
  class space    used 5490K, capacity 6723K, committed 6784K, reserved 1048576K
}

Deoptimization events (10 events):
Event: 11.216 Thread 0x000002c957cdd800 Uncommon trap: reason=unstable_if action=reinterpret pc=0x000002c948697238 method=com.st.microxplorer.plugins.pinoutconfig.engine.Package$GPin.drawPin(Ljava/awt/Graphics2D;)V @ 764 c2
Event: 12.358 Thread 0x000002c957cdd800 Uncommon trap: reason=unstable_if action=reinterpret pc=0x000002c948647868 method=java.awt.geom.AffineTransform.translate(DD)V @ 533 c2
Event: 12.358 Thread 0x000002c957cdd800 Uncommon trap: reason=unstable_if action=reinterpret pc=0x000002c948628d58 method=sun.java2d.pipe.Region.isInsideQuickCheck(Lsun/java2d/pipe/Region;)Z @ 48 c2
Event: 12.358 Thread 0x000002c957cdd800 Uncommon trap: reason=unstable_if action=reinterpret pc=0x000002c94865d8c8 method=sun.font.FontStrikeDesc.equals(Ljava/lang/Object;)Z @ 13 c2
Event: 12.358 Thread 0x000002c957cdd800 Uncommon trap: reason=unstable_if action=reinterpret pc=0x000002c9481f0948 method=sun.java2d.marlin.DHelpers.outcode(DD[D)I @ 57 c2
Event: 13.367 Thread 0x000002c957cdd800 Uncommon trap: reason=unstable_if action=reinterpret pc=0x000002c9486900a4 method=sun.java2d.SurfaceData.validatePipe(Lsun/java2d/SunGraphics2D;)V @ 12 c2
Event: 13.367 Thread 0x000002c957cdd800 Uncommon trap: reason=unstable_if action=reinterpret pc=0x000002c94868cf94 method=sun.java2d.SurfaceData.canRenderParallelograms(Lsun/java2d/SunGraphics2D;)Z @ 13 c2
Event: 13.367 Thread 0x000002c957cdd800 Uncommon trap: reason=unstable_if action=reinterpret pc=0x000002c948645734 method=sun.awt.image.BufImgSurfaceData.getRenderLoops(Lsun/java2d/SunGraphics2D;)Lsun/java2d/loops/RenderLoops; @ 12 c2
Event: 13.399 Thread 0x000002c957cdd800 Uncommon trap: reason=unstable_if action=reinterpret pc=0x000002c94863ee84 method=sun.java2d.SunGraphics2D.setColor(Ljava/awt/Color;)V @ 35 c2
Event: 13.399 Thread 0x000002c957cdd800 Uncommon trap: reason=unstable_if action=reinterpret pc=0x000002c94868dab4 method=sun.java2d.SurfaceData.getPaintSurfaceType(Lsun/java2d/SunGraphics2D;)Lsun/java2d/loops/SurfaceType; @ 4 c2

Classes redefined (0 events):
No events

Internal exceptions (10 events):
Event: 9.696 Thread 0x000002c957cdd800 Exception <a 'java/lang/NullPointerException'{0x0000000096fc71e8}> (0x0000000096fc71e8) thrown at [t:/workspace/open/src/hotspot/share/interpreter/linkResolver.cpp, line 1356]
Event: 9.717 Thread 0x000002c957cdd800 Implicit null exception at 0x000002c948461448 to 0x000002c948461ed2
Event: 10.386 Thread 0x000002c95ba9f800 Exception <a 'java/io/IOException'{0x0000000099606a28}> (0x0000000099606a28) thrown at [t:/workspace/open/src/hotspot/share/prims/jni.cpp, line 615]
Event: 10.386 Thread 0x000002c95ba9f800 Exception <a 'java/io/IOException'{0x0000000099606d90}> (0x0000000099606d90) thrown at [t:/workspace/open/src/hotspot/share/prims/jni.cpp, line 615]
Event: 10.387 Thread 0x000002c95ba9f800 Exception <a 'java/io/IOException'{0x000000009960fe10}> (0x000000009960fe10) thrown at [t:/workspace/open/src/hotspot/share/prims/jni.cpp, line 615]
Event: 10.387 Thread 0x000002c95ba9f800 Exception <a 'java/io/IOException'{0x0000000099610178}> (0x0000000099610178) thrown at [t:/workspace/open/src/hotspot/share/prims/jni.cpp, line 615]
Event: 10.387 Thread 0x000002c95ba9f800 Exception <a 'java/io/IOException'{0x0000000099612768}> (0x0000000099612768) thrown at [t:/workspace/open/src/hotspot/share/prims/jni.cpp, line 615]
Event: 10.387 Thread 0x000002c95ba9f800 Exception <a 'java/io/IOException'{0x0000000099612ad0}> (0x0000000099612ad0) thrown at [t:/workspace/open/src/hotspot/share/prims/jni.cpp, line 615]
Event: 10.387 Thread 0x000002c95ba9f800 Exception <a 'java/io/IOException'{0x0000000099614d00}> (0x0000000099614d00) thrown at [t:/workspace/open/src/hotspot/share/prims/jni.cpp, line 615]
Event: 10.387 Thread 0x000002c95ba9f800 Exception <a 'java/io/IOException'{0x0000000099615068}> (0x0000000099615068) thrown at [t:/workspace/open/src/hotspot/share/prims/jni.cpp, line 615]

Events (10 events):
Event: 13.399 Thread 0x000002c957cdd800 DEOPT UNPACKING pc=0x000002c940619baf sp=0x000000ca2befd798 mode 2
Event: 13.399 Thread 0x000002c957cdd800 Uncommon trap: trap_request=0xffffff4d fr.pc=0x000002c94868dab4 relative=0x0000000000000734
Event: 13.399 Thread 0x000002c957cdd800 DEOPT PACKING pc=0x000002c94868dab4 sp=0x000000ca2befd5c0
Event: 13.399 Thread 0x000002c957cdd800 DEOPT UNPACKING pc=0x000002c940619baf sp=0x000000ca2befd518 mode 2
Event: 13.400 loading class java/awt/ColorPaintContext
Event: 13.400 loading class java/awt/ColorPaintContext done
Event: 13.400 Executing VM operation: Deoptimize
Event: 13.401 Executing VM operation: Deoptimize done
Event: 13.404 loading class sun/awt/UngrabEvent
Event: 13.404 loading class sun/awt/UngrabEvent done


Dynamic libraries:
0x00007ff7aab60000 - 0x00007ff7aab6f000 	C:\Program Files\Java\jdk-12.0.1\bin\javaw.exe
0x00007ffe9e310000 - 0x00007ffe9e4f1000 	C:\WINDOWS\SYSTEM32\ntdll.dll
0x00007ffe9beb0000 - 0x00007ffe9bf61000 	C:\WINDOWS\System32\KERNEL32.DLL
0x00007ffe9a810000 - 0x00007ffe9aa83000 	C:\WINDOWS\System32\KERNELBASE.dll
0x00007ffe9aa90000 - 0x00007ffe9ab88000 	C:\WINDOWS\System32\ucrtbase.dll
0x00007ffe93890000 - 0x00007ffe938a8000 	C:\Program Files\Java\jdk-12.0.1\bin\jli.dll
0x00007ffe93790000 - 0x00007ffe937a6000 	C:\Program Files\Java\jdk-12.0.1\bin\VCRUNTIME140.dll
0x00007ffe9c720000 - 0x00007ffe9c7c1000 	C:\WINDOWS\System32\ADVAPI32.dll
0x00007ffe9c060000 - 0x00007ffe9c0fe000 	C:\WINDOWS\System32\msvcrt.dll
0x00007ffe9bd40000 - 0x00007ffe9bd9b000 	C:\WINDOWS\System32\sechost.dll
0x00007ffe9c450000 - 0x00007ffe9c574000 	C:\WINDOWS\System32\RPCRT4.dll
0x00007ffe9e090000 - 0x00007ffe9e220000 	C:\WINDOWS\System32\USER32.dll
0x00007ffe9b070000 - 0x00007ffe9b090000 	C:\WINDOWS\System32\win32u.dll
0x00007ffe9e220000 - 0x00007ffe9e248000 	C:\WINDOWS\System32\GDI32.dll
0x00007ffe9ab90000 - 0x00007ffe9ad21000 	C:\WINDOWS\System32\gdi32full.dll
0x00007ffe80730000 - 0x00007ffe80999000 	C:\WINDOWS\WinSxS\amd64_microsoft.windows.common-controls_6595b64144ccf1df_6.0.17134.885_none_fb42a3473065565f\COMCTL32.dll
0x00007ffe9af80000 - 0x00007ffe9b01f000 	C:\WINDOWS\System32\msvcp_win.dll
0x00007ffe9c120000 - 0x00007ffe9c442000 	C:\WINDOWS\System32\combase.dll
0x00007ffe9a790000 - 0x00007ffe9a809000 	C:\WINDOWS\System32\bcryptPrimitives.dll
0x00007ffe8ce70000 - 0x00007ffe8ce7a000 	C:\WINDOWS\SYSTEM32\VERSION.dll
0x00007ffe9c880000 - 0x00007ffe9c8ad000 	C:\WINDOWS\System32\IMM32.DLL
0x00007ffe8baf0000 - 0x00007ffe8bb9a000 	C:\Program Files\Java\jdk-12.0.1\bin\msvcp140.dll
0x00007ffe50900000 - 0x00007ffe51474000 	C:\Program Files\Java\jdk-12.0.1\bin\server\jvm.dll
0x00007ffe9b7a0000 - 0x00007ffe9b7a8000 	C:\WINDOWS\System32\PSAPI.DLL
0x00007ffe7a340000 - 0x00007ffe7a349000 	C:\WINDOWS\SYSTEM32\WSOCK32.dll
0x00007ffe9bcd0000 - 0x00007ffe9bd3c000 	C:\WINDOWS\System32\WS2_32.dll
0x00007ffe952e0000 - 0x00007ffe95303000 	C:\WINDOWS\SYSTEM32\WINMM.dll
0x00007ffe94e90000 - 0x00007ffe94eba000 	C:\WINDOWS\SYSTEM32\WINMMBASE.dll
0x00007ffe9b020000 - 0x00007ffe9b069000 	C:\WINDOWS\System32\cfgmgr32.dll
0x00007ffe9a6c0000 - 0x00007ffe9a6d1000 	C:\WINDOWS\System32\kernel.appcore.dll
0x00007ffe92720000 - 0x00007ffe92731000 	C:\Program Files\Java\jdk-12.0.1\bin\verify.dll
0x00007ffe99070000 - 0x00007ffe99239000 	C:\WINDOWS\SYSTEM32\DBGHELP.DLL
0x00007ffe72c50000 - 0x00007ffe72c79000 	C:\WINDOWS\SYSTEM32\dbgcore.DLL
0x00007ffe8d050000 - 0x00007ffe8d076000 	C:\Program Files\Java\jdk-12.0.1\bin\java.dll
0x00007ffe8d000000 - 0x00007ffe8d017000 	C:\Program Files\Java\jdk-12.0.1\bin\zip.dll
0x00007ffe93880000 - 0x00007ffe9388a000 	C:\Program Files\Java\jdk-12.0.1\bin\jimage.dll
0x00007ffe9cb90000 - 0x00007ffe9dfd0000 	C:\WINDOWS\System32\SHELL32.dll
0x00007ffe9c7d0000 - 0x00007ffe9c879000 	C:\WINDOWS\System32\shcore.dll
0x00007ffe9b090000 - 0x00007ffe9b79d000 	C:\WINDOWS\System32\windows.storage.dll
0x00007ffe9bda0000 - 0x00007ffe9bdf1000 	C:\WINDOWS\System32\shlwapi.dll
0x00007ffe9a650000 - 0x00007ffe9a66f000 	C:\WINDOWS\System32\profapi.dll
0x00007ffe9a670000 - 0x00007ffe9a6bc000 	C:\WINDOWS\System32\powrprof.dll
0x00007ffe9a620000 - 0x00007ffe9a62a000 	C:\WINDOWS\System32\FLTLIB.DLL
0x00007ffe8cfb0000 - 0x00007ffe8cfc9000 	C:\Program Files\Java\jdk-12.0.1\bin\net.dll
0x00007ffe87430000 - 0x00007ffe875f9000 	C:\WINDOWS\SYSTEM32\urlmon.dll
0x00007ffe8f1e0000 - 0x00007ffe8f2bd000 	C:\WINDOWS\SYSTEM32\WINHTTP.dll
0x00007ffe88270000 - 0x00007ffe88516000 	C:\WINDOWS\SYSTEM32\iertutil.dll
0x00007ffe9a050000 - 0x00007ffe9a05b000 	C:\WINDOWS\SYSTEM32\CRYPTBASE.DLL
0x00007ffe99ea0000 - 0x00007ffe99f06000 	C:\WINDOWS\system32\mswsock.dll
0x00007ffe8cd00000 - 0x00007ffe8cd13000 	C:\Program Files\Java\jdk-12.0.1\bin\nio.dll
0x00007ffe77cc0000 - 0x00007ffe77e5f000 	C:\Program Files\Java\jdk-12.0.1\bin\awt.dll
0x00007ffe9bc00000 - 0x00007ffe9bcc2000 	C:\WINDOWS\System32\OLEAUT32.dll
0x00007ffe94720000 - 0x00007ffe94ce7000 	C:\WINDOWS\SYSTEM32\d2d1.dll
0x00007ffe954f0000 - 0x00007ffe9557b000 	C:\WINDOWS\SYSTEM32\apphelp.dll
0x00007ffe98a40000 - 0x00007ffe98a69000 	C:\WINDOWS\system32\DWMAPI.DLL
0x00007ffe987e0000 - 0x00007ffe98878000 	C:\WINDOWS\system32\uxtheme.dll
0x00007ffe7df10000 - 0x00007ffe7e030000 	C:\WINDOWS\system32\opengl32.dll
0x00007ffe800e0000 - 0x00007ffe8010c000 	C:\WINDOWS\SYSTEM32\GLU32.dll
0x00007ffe9c8b0000 - 0x00007ffe9ca23000 	C:\WINDOWS\System32\MSCTF.dll
0x00007ffe9ca30000 - 0x00007ffe9cb81000 	C:\WINDOWS\System32\ole32.dll
0x00007ffe9a060000 - 0x00007ffe9a077000 	C:\WINDOWS\SYSTEM32\CRYPTSP.dll
0x00007ffe99a90000 - 0x00007ffe99ac3000 	C:\WINDOWS\system32\rsaenh.dll
0x00007ffe9a180000 - 0x00007ffe9a1a5000 	C:\WINDOWS\SYSTEM32\bcrypt.dll
0x00007ffe9a550000 - 0x00007ffe9a578000 	C:\WINDOWS\SYSTEM32\USERENV.dll
0x00007ffe99c30000 - 0x00007ffe99c68000 	C:\WINDOWS\SYSTEM32\IPHLPAPI.DLL
0x00007ffe9e250000 - 0x00007ffe9e258000 	C:\WINDOWS\System32\NSI.dll
0x00007ffe8c9d0000 - 0x00007ffe8c9e6000 	C:\WINDOWS\SYSTEM32\dhcpcsvc6.DLL
0x00007ffe8cc80000 - 0x00007ffe8cc9a000 	C:\WINDOWS\SYSTEM32\dhcpcsvc.DLL
0x00007ffe840b0000 - 0x00007ffe84130000 	C:\Program Files\Java\jdk-12.0.1\bin\freetype.dll
0x00007ffe83e50000 - 0x00007ffe83ebf000 	C:\Program Files\Java\jdk-12.0.1\bin\fontmanager.dll
0x00007ffe7d5d0000 - 0x00007ffe7d74b000 	C:\Program Files (x86)\Sangfor\SSL\ClientComponent2\SangforTcpX64.dll
0x00007ffe9ad30000 - 0x00007ffe9ad87000 	C:\WINDOWS\System32\WINTRUST.dll
0x00007ffe9a630000 - 0x00007ffe9a642000 	C:\WINDOWS\System32\MSASN1.dll
0x00007ffe9ad90000 - 0x00007ffe9af72000 	C:\WINDOWS\System32\CRYPT32.dll
0x00007ffe705e0000 - 0x00007ffe7060f000 	C:\Program Files (x86)\Sangfor\SSL\ClientComponent2\SangforNspX64.dll
0x00007ffe99c70000 - 0x00007ffe99d2e000 	C:\WINDOWS\SYSTEM32\DNSAPI.dll
0x0000000063560000 - 0x0000000063569000 	C:\Program Files\National Instruments\Shared\mDNS Responder\nimdnsNSP.dll
0x0000000063550000 - 0x000000006355e000 	C:\WINDOWS\SYSTEM32\nimdnsResponder.dll
0x00000000768d0000 - 0x0000000076973000 	C:\WINDOWS\WinSxS\amd64_microsoft.vc90.crt_1fc8b3b9a1e18e3b_9.0.30729.9415_none_08e0c10ba840a28a\MSVCR90.dll
0x00007ffe80170000 - 0x00007ffe8017a000 	C:\Windows\System32\rasadhlp.dll
0x00007ffe92710000 - 0x00007ffe92719000 	C:\Program Files\Java\jdk-12.0.1\bin\management.dll
0x00007ffe926d0000 - 0x00007ffe926dc000 	C:\Program Files\Java\jdk-12.0.1\bin\management_ext.dll
0x00007ffe8cf80000 - 0x00007ffe8cf89000 	C:\Program Files\Java\jdk-12.0.1\bin\prefs.dll
0x00007ffe8cfe0000 - 0x00007ffe8cff6000 	C:\WINDOWS\system32\napinsp.dll
0x00007ffe8cf90000 - 0x00007ffe8cfaa000 	C:\WINDOWS\system32\pnrpnsp.dll
0x00007ffe93600000 - 0x00007ffe93619000 	C:\WINDOWS\system32\NLAapi.dll
0x00007ffe8cfd0000 - 0x00007ffe8cfde000 	C:\WINDOWS\System32\winrnr.dll
0x00007ffe8ce50000 - 0x00007ffe8ce65000 	C:\WINDOWS\System32\wshbth.dll
0x00007ffe7fa90000 - 0x00007ffe7fb02000 	C:\WINDOWS\System32\fwpuclnt.dll
0x00007ffe742d0000 - 0x00007ffe74377000 	C:\WINDOWS\WinSxS\amd64_microsoft.windows.common-controls_6595b64144ccf1df_5.82.17134.885_none_f956463330922bba\comctl32.dll
0x00007ffe9be00000 - 0x00007ffe9bea0000 	C:\WINDOWS\System32\clbcatq.dll
0x00007ffe93c80000 - 0x00007ffe93e34000 	C:\WINDOWS\SYSTEM32\PROPSYS.dll
0x00007ffe8f790000 - 0x00007ffe8fe2b000 	C:\Windows\System32\OneCoreUAPCommonProxyStub.dll
0x00007ffe6df00000 - 0x00007ffe6e027000 	C:\WINDOWS\system32\NetworkExplorer.dll
0x00007ffe88d10000 - 0x00007ffe88d2a000 	C:\WINDOWS\SYSTEM32\MPR.dll
0x00007ffe5e310000 - 0x00007ffe5e31b000 	C:\WINDOWS\System32\drprov.dll
0x00007ffe997c0000 - 0x00007ffe99816000 	C:\WINDOWS\System32\WINSTA.dll
0x00007ffe5e2f0000 - 0x00007ffe5e306000 	C:\WINDOWS\System32\ntlanman.dll
0x00007ffe5e2d0000 - 0x00007ffe5e2ed000 	C:\WINDOWS\System32\davclnt.dll
0x00007ffe5e2c0000 - 0x00007ffe5e2cc000 	C:\WINDOWS\System32\DAVHLPR.dll
0x00007ffe91f80000 - 0x00007ffe91f97000 	C:\WINDOWS\System32\wkscli.dll
0x00007ffe6dc80000 - 0x00007ffe6dc92000 	C:\WINDOWS\SYSTEM32\cscapi.dll
0x00007ffe99d30000 - 0x00007ffe99d3e000 	C:\WINDOWS\System32\netutils.dll
0x00007ffe59c00000 - 0x00007ffe59c4a000 	C:\Windows\System32\dlnashext.dll
0x00007ffe7bfa0000 - 0x00007ffe7c003000 	C:\Windows\System32\PlayToDevice.dll
0x00007ffe7a320000 - 0x00007ffe7a33e000 	C:\Windows\System32\DevDispItemProvider.dll
0x00007ffe8c260000 - 0x00007ffe8c2d6000 	C:\WINDOWS\System32\MMDevApi.dll
0x00007ffe9a430000 - 0x00007ffe9a457000 	C:\WINDOWS\System32\DEVOBJ.dll
0x00007ffe59f90000 - 0x00007ffe5a171000 	C:\WINDOWS\system32\wpdshext.dll
0x00007ffe7a6c0000 - 0x00007ffe7a85b000 	C:\WINDOWS\WinSxS\amd64_microsoft.windows.gdiplus_6595b64144ccf1df_1.1.17134.885_none_2c2d962c8af7d02d\gdiplus.dll
0x00007ffe8f300000 - 0x00007ffe8f39c000 	C:\Windows\System32\PortableDeviceApi.dll
0x00007ffe9b7b0000 - 0x00007ffe9bbfb000 	C:\WINDOWS\System32\SETUPAPI.dll
0x00007ffe6d030000 - 0x00007ffe6d067000 	C:\Windows\System32\EhStorShell.dll
0x00007ffe84080000 - 0x00007ffe840a5000 	C:\Windows\System32\EhStorAPI.dll
0x00007ffe99240000 - 0x00007ffe99253000 	C:\Windows\System32\WTSAPI32.dll
0x00007ffe6dc20000 - 0x00007ffe6dc2d000 	C:\WINDOWS\SYSTEM32\LINKINFO.dll
0x00007ffe84050000 - 0x00007ffe8407d000 	C:\Program Files\Java\jdk-12.0.1\bin\javajpeg.dll
0x00007ffe92790000 - 0x00007ffe9293e000 	C:\WINDOWS\SYSTEM32\WindowsCodecs.dll
0x00007ffe79a60000 - 0x00007ffe79ab8000 	C:\WINDOWS\system32\dataexchange.dll
0x00007ffe94410000 - 0x00007ffe9471b000 	C:\WINDOWS\system32\d3d11.dll
0x00007ffe94cf0000 - 0x00007ffe94e8c000 	C:\WINDOWS\system32\dcomp.dll
0x00007ffe993f0000 - 0x00007ffe994ab000 	C:\WINDOWS\system32\dxgi.dll
0x00007ffe98b80000 - 0x00007ffe98d38000 	C:\WINDOWS\system32\twinapi.appcore.dll
0x00007ffe98b20000 - 0x00007ffe98b41000 	C:\WINDOWS\system32\RMCLIENT.dll
0x00007ffe91c40000 - 0x00007ffe91cd6000 	C:\WINDOWS\System32\TextInputFramework.dll
0x00007ffe920b0000 - 0x00007ffe923ce000 	C:\WINDOWS\System32\CoreUIComponents.dll
0x00007ffe95200000 - 0x00007ffe952da000 	C:\WINDOWS\System32\CoreMessaging.dll
0x00007ffe99720000 - 0x00007ffe99751000 	C:\WINDOWS\SYSTEM32\ntmarta.dll

dbghelp: loaded successfully - version: 4.0.5 - missing functions: none
symbol engine: initialized successfully - sym options: 0x614 - pdb path: .;C:\Program Files\Java\jdk-12.0.1\bin;C:\WINDOWS\SYSTEM32;C:\WINDOWS\WinSxS\amd64_microsoft.windows.common-controls_6595b64144ccf1df_6.0.17134.885_none_fb42a3473065565f;C:\Program Files\Java\jdk-12.0.1\bin\server;C:\Program Files (x86)\Sangfor\SSL\ClientComponent2;C:\Program Files\National Instruments\Shared\mDNS Responder;C:\WINDOWS\WinSxS\amd64_microsoft.vc90.crt_1fc8b3b9a1e18e3b_9.0.30729.9415_none_08e0c10ba840a28a;C:\WINDOWS\WinSxS\amd64_microsoft.windows.common-controls_6595b64144ccf1df_5.82.17134.885_none_f956463330922bba;C:\WINDOWS\WinSxS\amd64_microsoft.windows.gdiplus_6595b64144ccf1df_1.1.17134.885_none_2c2d962c8af7d02d

VM Arguments:
java_command: com.st.microxplorer.maingui.STM32CubeMX C:\Users\nbperson\Desktop\STM32\NUCLEO_F767ZI\NT35510\NT35510.ioc
java_class_path (initial): C:\Tools\CubeMX\STM32CubeMX.exe;anything
Launcher Type: SUN_STANDARD

[Global flags]
     intx CICompilerCount                          = 4                                         {product} {ergonomic}
     uint ConcGCThreads                            = 2                                         {product} {ergonomic}
     uint G1ConcRefinementThreads                  = 8                                         {product} {ergonomic}
   size_t G1HeapRegionSize                         = 1048576                                   {product} {ergonomic}
    uintx GCDrainStackTargetSize                   = 64                                        {product} {ergonomic}
   size_t InitialHeapSize                          = 132120576                                 {product} {ergonomic}
   size_t MarkStackSize                            = 4194304                                   {product} {ergonomic}
   size_t MaxHeapSize                              = 2113929216                                {product} {ergonomic}
   size_t MaxNewSize                               = 1267728384                                {product} {ergonomic}
   size_t MinHeapDeltaBytes                        = 1048576                                   {product} {ergonomic}
    uintx NonNMethodCodeHeapSize                   = 5836300                                {pd product} {ergonomic}
    uintx NonProfiledCodeHeapSize                  = 122910970                              {pd product} {ergonomic}
    uintx ProfiledCodeHeapSize                     = 122910970                              {pd product} {ergonomic}
    uintx ReservedCodeCacheSize                    = 251658240                              {pd product} {ergonomic}
     bool SegmentedCodeCache                       = true                                      {product} {ergonomic}
     bool UseCompressedClassPointers               = true                                 {lp64_product} {ergonomic}
     bool UseCompressedOops                        = true                                 {lp64_product} {ergonomic}
     bool UseG1GC                                  = true                                      {product} {ergonomic}
     bool UseLargePagesIndividualAllocation        = false                                  {pd product} {ergonomic}

Logging:
Log output configuration:
 #0: stdout all=warning uptime,level,tags
 #1: stderr all=off uptime,level,tags

Environment Variables:
JAVA_HOME=C:\Program Files\Java\jdk-12.0.1
PATH=C:\Tools\CubeMX\;C:\Program Files (x86)\Common Files\Oracle\Java\javapath;C:\Program Files (x86)\Intel\iCLS Client\;C:\Program Files\Intel\iCLS Client\;C:\windows\system32;C:\windows;C:\windows\System32\Wbem;C:\windows\System32\WindowsPowerShell\v1.0\;C:\Program Files (x86)\Intel\Intel(R) Management Engine Components\DAL;C:\Program Files\Intel\Intel(R) Management Engine Components\DAL;C:\Program Files (x86)\Intel\Intel(R) Management Engine Components\IPT;C:\Program Files\Intel\Intel(R) Management Engine Components\IPT;C:\Program Files (x86)\NVIDIA Corporation\PhysX\Common;C:\Program Files\Intel\WiFi\bin\;C:\Program Files\Common Files\Intel\WirelessCommon\;C:\WINDOWS\system32;C:\WINDOWS;C:\WINDOWS\System32\Wbem;C:\WINDOWS\System32\WindowsPowerShell\v1.0\;C:\WINDOWS\System32\OpenSSH\;C:\Program Files\Java\jdk-12.0.1\bin;C:\Program Files\Java\jdk-12.0.1\jre\bin;C:\Tools\minGW\mingw64\bin;C:\Tools\Anaconda;C:\Tools\Anaconda\Library\mingw-w64\bin;C:\Tools\Anaconda\Library\usr\bin;C:\Tools\Anaconda\Library\bin;C:\Tools\Anaconda\Scripts;C:\Users\nbperson\AppData\Local\Programs\Python\Python37\Scripts\;C:\Users\nbperson\AppData\Local\Programs\Python\Python37\;C:\Users\nbperson\AppData\Local\Microsoft\WindowsApps;C:\Program Files\Java\jdk-12.0.1\bin
USERNAME=nbperson
OS=Windows_NT
PROCESSOR_IDENTIFIER=Intel64 Family 6 Model 142 Stepping 10, GenuineIntel



---------------  S Y S T E M  ---------------

OS: Windows 10 , 64 bit Build 17134 (10.0.17134.753)

CPU:total 8 (initial active 8) (4 cores per cpu, 2 threads per core) family 6 model 142 stepping 10, cmov, cx8, fxsr, mmx, sse, sse2, sse3, ssse3, sse4.1, sse4.2, popcnt, avx, avx2, aes, clmul, erms, 3dnowpref, lzcnt, ht, tsc, tscinvbit, bmi1, bmi2, adx, fma

Memory: 4k page, system-wide physical 8063M (3399M free)
TotalPageFile size 9407M (AvailPageFile size 1849M)
current process WorkingSet (physical memory assigned to process): 647M, peak: 698M
current process commit charge ("private bytes"): 681M, peak: 734M

vm_info: Java HotSpot(TM) 64-Bit Server VM (12.0.1+12) for windows-amd64 JRE (12.0.1+12), built on Apr  2 2019 14:02:19 by "mach5one" with MS VC++ 15.5 (VS2017)

END.
